Log file open, 01/07/22 21:09:44
LogWindows: Failed to load 'aqProf.dll' (GetLastError=126)
LogWindows: File 'aqProf.dll' does not exist
LogWindows: Failed to load 'VtuneApi.dll' (GetLastError=126)
LogWindows: File 'VtuneApi.dll' does not exist
LogWindows: Failed to load 'VtuneApi32e.dll' (GetLastError=126)
LogWindows: File 'VtuneApi32e.dll' does not exist
LogConsoleResponse: Display: Failed to find resolution value strings in scalability ini. Falling back to default.
LogConsoleResponse: Display: Failed to find resolution value strings in scalability ini. Falling back to default.
LogInit: Display: Running engine for game: UnrealChallenge
LogPlatformFile: Not using cached read wrapper
LogTaskGraph: Started task graph with 5 named threads and 23 total threads with 3 sets of task threads.
LogStats: Stats thread started at 0.495777
LogICUInternationalization: ICU TimeZone Detection - Raw Offset: +8:00, Platform Override: ''
LogInit: Display: Loading text-based GConfig....
LogPluginManager: Mounting plugin MeshPainting
LogPluginManager: Mounting plugin XGEController
LogPluginManager: Mounting plugin Paper2D
LogPluginManager: Mounting plugin AISupport
LogPluginManager: Mounting plugin LightPropagationVolume
LogPluginManager: Mounting plugin LiveLink
LogPluginManager: Mounting plugin OodleData
LogPluginManager: Mounting plugin OodleNetwork
LogPluginManager: Mounting plugin EnvironmentQueryEditor
LogPluginManager: Mounting plugin CameraShakePreviewer
LogPluginManager: Mounting plugin GameplayCameras
LogPluginManager: Mounting plugin AnimationSharing
LogPluginManager: Mounting plugin CLionSourceCodeAccess
LogPluginManager: Mounting plugin CodeLiteSourceCodeAccess
LogPluginManager: Mounting plugin GitSourceControl
LogPluginManager: Mounting plugin NullSourceCodeAccess
LogPluginManager: Mounting plugin KDevelopSourceCodeAccess
LogPluginManager: Mounting plugin PerforceSourceControl
LogPluginManager: Mounting plugin PropertyAccessNode
LogPluginManager: Mounting plugin RiderSourceCodeAccess
LogPluginManager: Mounting plugin SubversionSourceControl
LogPluginManager: Mounting plugin TextureFormatOodle
LogPluginManager: Mounting plugin PixWinPlugin
LogPluginManager: Mounting plugin UObjectPlugin
LogPluginManager: Mounting plugin VisualStudioCodeSourceCodeAccess
LogPluginManager: Mounting plugin VisualStudioSourceCodeAccess
LogPluginManager: Mounting plugin XCodeSourceCodeAccess
LogPluginManager: Mounting plugin PlasticSourceControl
LogPluginManager: Mounting plugin AssetManagerEditor
LogPluginManager: Mounting plugin CryptoKeys
LogPluginManager: Mounting plugin DatasmithContent
LogPluginManager: Mounting plugin CurveEditorTools
LogPluginManager: Mounting plugin DataValidation
LogPluginManager: Mounting plugin FacialAnimation
LogPluginManager: Mounting plugin GameplayTagsEditor
LogPluginManager: Mounting plugin GeometryMode
LogPluginManager: Mounting plugin VariantManagerContent
LogPluginManager: Mounting plugin MacGraphicsSwitching
LogPluginManager: Mounting plugin MaterialAnalyzer
LogPluginManager: Mounting plugin MobileLauncherProfileWizard
LogPluginManager: Mounting plugin PluginBrowser
LogPluginManager: Mounting plugin PluginUtils
LogPluginManager: Mounting plugin SpeedTreeImporter
LogPluginManager: Mounting plugin AutomationUtils
LogPluginManager: Mounting plugin BackChannel
LogPluginManager: Mounting plugin AlembicImporter
LogPluginManager: Mounting plugin ChaosCloth
LogPluginManager: Mounting plugin ChaosClothEditor
LogPluginManager: Mounting plugin ChaosEditor
LogPluginManager: Mounting plugin ChaosNiagara
LogPluginManager: Mounting plugin ChaosSolverPlugin
LogPluginManager: Mounting plugin CharacterAI
LogPluginManager: Mounting plugin GeometryCache
LogPluginManager: Mounting plugin GeometryCollectionPlugin
LogPluginManager: Mounting plugin GeometryProcessing
LogPluginManager: Mounting plugin MotoSynth
LogPluginManager: Mounting plugin OpenImageDenoise
LogPluginManager: Mounting plugin Niagara
LogPluginManager: Mounting plugin PlanarCut
LogPluginManager: Mounting plugin ProxyLODPlugin
LogPluginManager: Mounting plugin PythonScriptPlugin
LogPluginManager: Mounting plugin SkeletalReduction
LogPluginManager: Mounting plugin LuminPlatformFeatures
LogPluginManager: Mounting plugin MagicLeap
LogPluginManager: Mounting plugin PlatformCrypto
LogPluginManager: Mounting plugin MagicLeapLightEstimation
LogPluginManager: Mounting plugin MagicLeapMedia
LogPluginManager: Mounting plugin MagicLeapPassableWorld
LogPluginManager: Mounting plugin MLSDK
LogPluginManager: Mounting plugin AndroidMedia
LogPluginManager: Mounting plugin AvfMedia
LogPluginManager: Mounting plugin ImgMedia
LogPluginManager: Mounting plugin MediaCompositing
LogPluginManager: Mounting plugin MediaPlayerEditor
LogPluginManager: Mounting plugin WebMMedia
LogPluginManager: Mounting plugin WmfMedia
LogPluginManager: Mounting plugin TcpMessaging
LogPluginManager: Mounting plugin UdpMessaging
LogPluginManager: Mounting plugin ActorSequence
LogPluginManager: Mounting plugin LevelSequenceEditor
LogPluginManager: Mounting plugin MatineeToLevelSequence
LogPluginManager: Mounting plugin TemplateSequence
LogPluginManager: Mounting plugin OnlineSubsystem
LogPluginManager: Mounting plugin OnlineSubsystemNull
LogPluginManager: Mounting plugin OnlineSubsystemUtils
LogPluginManager: Mounting plugin LauncherChunkInstaller
LogPluginManager: Mounting plugin ActorLayerUtilities
LogPluginManager: Mounting plugin AndroidDeviceProfileSelector
LogPluginManager: Mounting plugin AndroidMoviePlayer
LogPluginManager: Mounting plugin AndroidPermission
LogPluginManager: Mounting plugin ApexDestruction
LogPluginManager: Mounting plugin AppleImageUtils
LogPluginManager: Mounting plugin ArchVisCharacter
LogPluginManager: Mounting plugin AssetTags
LogPluginManager: Mounting plugin AppleMoviePlayer
LogPluginManager: Mounting plugin AudioCapture
LogPluginManager: Mounting plugin AudioSynesthesia
LogPluginManager: Mounting plugin ChunkDownloader
LogPluginManager: Mounting plugin CustomMeshComponent
LogPluginManager: Mounting plugin CableComponent
LogPluginManager: Mounting plugin EditableMesh
LogPluginManager: Mounting plugin ExampleDeviceProfileSelector
LogPluginManager: Mounting plugin GoogleCloudMessaging
LogPluginManager: Mounting plugin GooglePAD
LogPluginManager: Mounting plugin LinuxDeviceProfileSelector
LogPluginManager: Mounting plugin LocationServicesBPLibrary
LogPluginManager: Mounting plugin IOSDeviceProfileSelector
LogPluginManager: Mounting plugin MobilePatchingUtils
LogPluginManager: Mounting plugin OpenXRHandTracking
LogPluginManager: Mounting plugin OpenXR
LogPluginManager: Mounting plugin PostSplashScreen
LogPluginManager: Mounting plugin PhysXVehicles
LogPluginManager: Mounting plugin OpenXREyeTracker
LogPluginManager: Mounting plugin PropertyAccessEditor
LogPluginManager: Mounting plugin ProceduralMeshComponent
LogPluginManager: Mounting plugin RuntimePhysXCooking
LogPluginManager: Mounting plugin SignificanceManager
LogPluginManager: Mounting plugin SoundFields
LogPluginManager: Mounting plugin Synthesis
LogPluginManager: Mounting plugin WebMMoviePlayer
LogPluginManager: Mounting plugin WindowsMoviePlayer
LogPluginManager: Mounting plugin ScreenshotTools
LogPluginManager: Mounting plugin Takes
LogPluginManager: Mounting plugin ContentBrowserClassDataSource
LogPluginManager: Mounting plugin ContentBrowserAssetDataSource
LogPluginManager: Mounting plugin ContentBrowserFileDataSource
LogPluginManager: Mounting plugin OnlineSubsystemGooglePlay
LogPluginManager: Mounting plugin OnlineSubsystemIOS
LogPluginManager: Mounting plugin OculusVR
LogPluginManager: Mounting plugin SteamVR
PixWinPlugin: PIX capture plugin failed to initialize! Check that the process is launched from PIX.
LogInit: Using libcurl 7.55.1-DEV
LogInit:  - built for x86_64-pc-win32
LogInit:  - supports SSL with OpenSSL/1.1.1
LogInit:  - supports HTTP deflate (compression) using libz 1.2.8
LogInit:  - other features:
LogInit:      CURL_VERSION_SSL
LogInit:      CURL_VERSION_LIBZ
LogInit:      CURL_VERSION_IPV6
LogInit:      CURL_VERSION_ASYNCHDNS
LogInit:      CURL_VERSION_LARGEFILE
LogInit:      CURL_VERSION_IDN
LogInit:  CurlRequestOptions (configurable via config and command line):
LogInit:  - bVerifyPeer = true  - Libcurl will verify peer certificate
LogInit:  - bUseHttpProxy = false  - Libcurl will NOT use HTTP proxy
LogInit:  - bDontReuseConnections = false  - Libcurl will reuse connections
LogInit:  - MaxHostConnections = 16  - Libcurl will limit the number of connections to a host
LogInit:  - LocalHostAddr = Default
LogInit:  - BufferSize = 65536
LogOnline: OSS: Creating online subsystem instance for: NULL
LogInit: WinSock: version 1.1 (2.2), MaxSocks=32767, MaxUdp=65467
LogOnline: OSS: TryLoadSubsystemAndSetDefault: Loaded subsystem for module [NULL]
LogOculusPluginWrapper: OculusPlugin initialized successfully
LogHMD: Failed initializing OVRPlugin 1.59.0
LogInit: Build: ++UE4+Release-4.27-CL-17735300
LogInit: Engine Version: 4.27.1-17735300+++UE4+Release-4.27
LogInit: Compatible Engine Version: 4.27.0-17155196+++UE4+Release-4.27
LogInit: Net CL: 17155196
LogInit: OS: Windows 10 (Release 2009) (), CPU: AMD Ryzen 7 3750H with Radeon Vega Mobile Gfx  , GPU: AMD Radeon(TM) RX Vega 10 Graphics
LogInit: Compiled (64-bit): Oct  6 2021 14:42:51
LogInit: Compiled with Visual C++: 19.24.28315.00
LogInit: Build Configuration: Development
LogInit: Branch Name: ++UE4+Release-4.27
LogInit: Command Line: 
LogInit: Base Directory: D:/Program Files (x86)/Epic Games/UE_4.27/Engine/Binaries/Win64/
LogInit: Allocator: TBB
LogInit: Installed Engine Build: 1
LogDevObjectVersion: Number of dev versions registered: 29
LogDevObjectVersion:   Dev-Blueprints (B0D832E4-1F89-4F0D-ACCF-7EB736FD4AA2): 10
LogDevObjectVersion:   Dev-Build (E1C64328-A22C-4D53-A36C-8E866417BD8C): 0
LogDevObjectVersion:   Dev-Core (375EC13C-06E4-48FB-B500-84F0262A717E): 4
LogDevObjectVersion:   Dev-Editor (E4B068ED-F494-42E9-A231-DA0B2E46BB41): 40
LogDevObjectVersion:   Dev-Framework (CFFC743F-43B0-4480-9391-14DF171D2073): 37
LogDevObjectVersion:   Dev-Mobile (B02B49B5-BB20-44E9-A304-32B752E40360): 3
LogDevObjectVersion:   Dev-Networking (A4E4105C-59A1-49B5-A7C5-40C4547EDFEE): 0
LogDevObjectVersion:   Dev-Online (39C831C9-5AE6-47DC-9A44-9C173E1C8E7C): 0
LogDevObjectVersion:   Dev-Physics (78F01B33-EBEA-4F98-B9B4-84EACCB95AA2): 14
LogDevObjectVersion:   Dev-Platform (6631380F-2D4D-43E0-8009-CF276956A95A): 0
LogDevObjectVersion:   Dev-Rendering (12F88B9F-8875-4AFC-A67C-D90C383ABD29): 45
LogDevObjectVersion:   Dev-Sequencer (7B5AE74C-D270-4C10-A958-57980B212A5A): 13
LogDevObjectVersion:   Dev-VR (D7296918-1DD6-4BDD-9DE2-64A83CC13884): 3
LogDevObjectVersion:   Dev-LoadTimes (C2A15278-BFE7-4AFE-6C17-90FF531DF755): 1
LogDevObjectVersion:   Private-Geometry (6EACA3D4-40EC-4CC1-B786-8BED09428FC5): 3
LogDevObjectVersion:   Dev-AnimPhys (29E575DD-E0A3-4627-9D10-D276232CDCEA): 17
LogDevObjectVersion:   Dev-Anim (AF43A65D-7FD3-4947-9873-3E8ED9C1BB05): 15
LogDevObjectVersion:   Dev-ReflectionCapture (6B266CEC-1EC7-4B8F-A30B-E4D90942FC07): 1
LogDevObjectVersion:   Dev-Automation (0DF73D61-A23F-47EA-B727-89E90C41499A): 1
LogDevObjectVersion:   FortniteMain (601D1886-AC64-4F84-AA16-D3DE0DEAC7D6): 47
LogDevObjectVersion:   FortniteRelease (E7086368-6B23-4C58-8439-1B7016265E91): 1
LogDevObjectVersion:   Dev-Enterprise (9DFFBCD6-494F-0158-E221-12823C92A888): 10
LogDevObjectVersion:   Dev-Niagara (F2AED0AC-9AFE-416F-8664-AA7FFA26D6FC): 1
LogDevObjectVersion:   Dev-Destruction (174F1F0B-B4C6-45A5-B13F-2EE8D0FB917D): 10
LogDevObjectVersion:   Dev-Physics-Ext (35F94A83-E258-406C-A318-09F59610247C): 41
LogDevObjectVersion:   Dev-PhysicsMaterial-Chaos (B68FC16E-8B1B-42E2-B453-215C058844FE): 1
LogDevObjectVersion:   Dev-CineCamera (B2E18506-4273-CFC2-A54E-F4BB758BBA07): 1
LogDevObjectVersion:   Dev-VirtualProduction (64F58936-FD1B-42BA-BA96-7289D5D0FA4E): 1
LogDevObjectVersion:   Dev-MediaFramework (6F0ED827-A609-4895-9C91-998D90180EA4): 2
LogInit: Presizing for max 25165824 objects, including 0 objects not considered by GC, pre-allocating 0 bytes for permanent pool.
LogConfig: Applying CVar settings from Section [/Script/Engine.StreamingSettings] File [D:/Git/UnrealChall2/UnrealChallenge/Saved/Config/Windows/Engine.ini]
LogConfig: Setting CVar [[s.MinBulkDataSizeForAsyncLoading:131072]]
LogConfig: Setting CVar [[s.AsyncLoadingThreadEnabled:0]]
LogConfig: Setting CVar [[s.EventDrivenLoaderEnabled:1]]
LogConfig: Setting CVar [[s.WarnIfTimeLimitExceeded:0]]
LogConfig: Setting CVar [[s.TimeLimitExceededMultiplier:1.5]]
LogConfig: Setting CVar [[s.TimeLimitExceededMinTime:0.005]]
LogConfig: Setting CVar [[s.UseBackgroundLevelStreaming:1]]
LogConfig: Setting CVar [[s.PriorityAsyncLoadingExtraTime:15.0]]
LogConfig: Setting CVar [[s.LevelStreamingActorsUpdateTimeLimit:5.0]]
LogConfig: Setting CVar [[s.PriorityLevelStreamingActorsUpdateExtraTime:5.0]]
LogConfig: Setting CVar [[s.LevelStreamingComponentsRegistrationGranularity:10]]
LogConfig: Setting CVar [[s.UnregisterComponentsTimeLimit:1.0]]
LogConfig: Setting CVar [[s.LevelStreamingComponentsUnregistrationGranularity:5]]
LogConfig: Setting CVar [[s.FlushStreamingOnExit:1]]
LogInit: Object subsystem initialized
LogConfig: Setting CVar [[con.DebugEarlyDefault:1]]
LogConfig: Setting CVar [[r.setres:1280x720]]
[2022.01.07-13.09.45:724][  0]LogConfig: Setting CVar [[r.VSync:0]]
[2022.01.07-13.09.45:724][  0]LogConfig: Setting CVar [[r.RHICmdBypass:0]]
[2022.01.07-13.09.45:725][  0]LogConfig: Applying CVar settings from Section [/Script/Engine.RendererSettings] File [D:/Git/UnrealChall2/UnrealChallenge/Saved/Config/Windows/Engine.ini]
[2022.01.07-13.09.45:725][  0]LogConfig: Setting CVar [[r.GPUCrashDebugging:0]]
[2022.01.07-13.09.45:725][  0]LogConfig: Applying CVar settings from Section [/Script/Engine.RendererOverrideSettings] File [D:/Git/UnrealChall2/UnrealChallenge/Saved/Config/Windows/Engine.ini]
[2022.01.07-13.09.45:725][  0]LogConfig: Applying CVar settings from Section [/Script/Engine.StreamingSettings] File [D:/Git/UnrealChall2/UnrealChallenge/Saved/Config/Windows/Engine.ini]
[2022.01.07-13.09.45:725][  0]LogConfig: Setting CVar [[s.MinBulkDataSizeForAsyncLoading:131072]]
[2022.01.07-13.09.45:725][  0]LogConfig: Setting CVar [[s.AsyncLoadingThreadEnabled:0]]
[2022.01.07-13.09.45:725][  0]LogConfig: Setting CVar [[s.EventDrivenLoaderEnabled:1]]
[2022.01.07-13.09.45:725][  0]LogConfig: Setting CVar [[s.WarnIfTimeLimitExceeded:0]]
[2022.01.07-13.09.45:725][  0]LogConfig: Setting CVar [[s.TimeLimitExceededMultiplier:1.5]]
[2022.01.07-13.09.45:725][  0]LogConfig: Setting CVar [[s.TimeLimitExceededMinTime:0.005]]
[2022.01.07-13.09.45:725][  0]LogConfig: Setting CVar [[s.UseBackgroundLevelStreaming:1]]
[2022.01.07-13.09.45:725][  0]LogConfig: Setting CVar [[s.PriorityAsyncLoadingExtraTime:15.0]]
[2022.01.07-13.09.45:725][  0]LogConfig: Setting CVar [[s.LevelStreamingActorsUpdateTimeLimit:5.0]]
[2022.01.07-13.09.45:725][  0]LogConfig: Setting CVar [[s.PriorityLevelStreamingActorsUpdateExtraTime:5.0]]
[2022.01.07-13.09.45:725][  0]LogConfig: Setting CVar [[s.LevelStreamingComponentsRegistrationGranularity:10]]
[2022.01.07-13.09.45:725][  0]LogConfig: Setting CVar [[s.UnregisterComponentsTimeLimit:1.0]]
[2022.01.07-13.09.45:725][  0]LogConfig: Setting CVar [[s.LevelStreamingComponentsUnregistrationGranularity:5]]
[2022.01.07-13.09.45:725][  0]LogConfig: Setting CVar [[s.FlushStreamingOnExit:1]]
[2022.01.07-13.09.45:726][  0]LogConfig: Applying CVar settings from Section [/Script/Engine.GarbageCollectionSettings] File [D:/Git/UnrealChall2/UnrealChallenge/Saved/Config/Windows/Engine.ini]
[2022.01.07-13.09.45:726][  0]LogConfig: Setting CVar [[gc.MaxObjectsNotConsideredByGC:1]]
[2022.01.07-13.09.45:726][  0]LogConfig: Setting CVar [[gc.SizeOfPermanentObjectPool:0]]
[2022.01.07-13.09.45:726][  0]LogConfig: Setting CVar [[gc.FlushStreamingOnGC:0]]
[2022.01.07-13.09.45:726][  0]LogConfig: Setting CVar [[gc.NumRetriesBeforeForcingGC:10]]
[2022.01.07-13.09.45:726][  0]LogConfig: Setting CVar [[gc.AllowParallelGC:1]]
[2022.01.07-13.09.45:726][  0]LogConfig: Setting CVar [[gc.TimeBetweenPurgingPendingKillObjects:61.1]]
[2022.01.07-13.09.45:726][  0]LogConfig: Setting CVar [[gc.MaxObjectsInEditor:25165824]]
[2022.01.07-13.09.45:726][  0]LogConfig: Setting CVar [[gc.IncrementalBeginDestroyEnabled:1]]
[2022.01.07-13.09.45:726][  0]LogConfig: Setting CVar [[gc.CreateGCClusters:1]]
[2022.01.07-13.09.45:726][  0]LogConfig: Setting CVar [[gc.MinGCClusterSize:5]]
[2022.01.07-13.09.45:726][  0]LogConfig: Setting CVar [[gc.ActorClusteringEnabled:0]]
[2022.01.07-13.09.45:726][  0]LogConfig: Setting CVar [[gc.BlueprintClusteringEnabled:0]]
[2022.01.07-13.09.45:726][  0]LogConfig: Setting CVar [[gc.UseDisregardForGCOnDedicatedServers:0]]
[2022.01.07-13.09.45:726][  0]LogConfig: Setting CVar [[gc.MultithreadedDestructionEnabled:1]]
[2022.01.07-13.09.45:726][  0]LogConfig: Applying CVar settings from Section [/Script/Engine.NetworkSettings] File [D:/Git/UnrealChall2/UnrealChallenge/Saved/Config/Windows/Engine.ini]
[2022.01.07-13.09.45:726][  0]LogConfig: Applying CVar settings from Section [/Script/UnrealEd.CookerSettings] File [D:/Git/UnrealChall2/UnrealChallenge/Saved/Config/Windows/Engine.ini]
[2022.01.07-13.09.45:747][  0]LogConfig: Applying CVar settings from Section [ViewDistanceQuality@3] File [D:/Git/UnrealChall2/UnrealChallenge/Saved/Config/Windows/Scalability.ini]
[2022.01.07-13.09.45:747][  0]LogConfig: Setting CVar [[r.SkeletalMeshLODBias:0]]
[2022.01.07-13.09.45:747][  0]LogConfig: Setting CVar [[r.ViewDistanceScale:1.0]]
[2022.01.07-13.09.45:747][  0]LogConfig: Applying CVar settings from Section [AntiAliasingQuality@3] File [D:/Git/UnrealChall2/UnrealChallenge/Saved/Config/Windows/Scalability.ini]
[2022.01.07-13.09.45:747][  0]LogConfig: Setting CVar [[r.PostProcessAAQuality:4]]
[2022.01.07-13.09.45:747][  0]LogConfig: Applying CVar settings from Section [ShadowQuality@3] File [D:/Git/UnrealChall2/UnrealChallenge/Saved/Config/Windows/Scalability.ini]
[2022.01.07-13.09.45:747][  0]LogConfig: Setting CVar [[r.LightFunctionQuality:1]]
[2022.01.07-13.09.45:747][  0]LogConfig: Setting CVar [[r.ShadowQuality:5]]
[2022.01.07-13.09.45:747][  0]LogConfig: Setting CVar [[r.Shadow.CSM.MaxCascades:10]]
[2022.01.07-13.09.45:747][  0]LogConfig: Setting CVar [[r.Shadow.MaxResolution:2048]]
[2022.01.07-13.09.45:747][  0]LogConfig: Setting CVar [[r.Shadow.MaxCSMResolution:2048]]
[2022.01.07-13.09.45:747][  0]LogConfig: Setting CVar [[r.Shadow.RadiusThreshold:0.01]]
[2022.01.07-13.09.45:747][  0]LogConfig: Setting CVar [[r.Shadow.DistanceScale:1.0]]
[2022.01.07-13.09.45:747][  0]LogConfig: Setting CVar [[r.Shadow.CSM.TransitionScale:1.0]]
[2022.01.07-13.09.45:747][  0]LogConfig: Setting CVar [[r.Shadow.PreShadowResolutionFactor:1.0]]
[2022.01.07-13.09.45:747][  0]LogConfig: Setting CVar [[r.DistanceFieldShadowing:1]]
[2022.01.07-13.09.45:748][  0]LogConfig: Setting CVar [[r.DistanceFieldAO:1]]
[2022.01.07-13.09.45:748][  0]LogConfig: Setting CVar [[r.AOQuality:2]]
[2022.01.07-13.09.45:748][  0]LogConfig: Setting CVar [[r.VolumetricFog:1]]
[2022.01.07-13.09.45:748][  0]LogConfig: Setting CVar [[r.VolumetricFog.GridPixelSize:8]]
[2022.01.07-13.09.45:748][  0]LogConfig: Setting CVar [[r.VolumetricFog.GridSizeZ:128]]
[2022.01.07-13.09.45:748][  0]LogConfig: Setting CVar [[r.VolumetricFog.HistoryMissSupersampleCount:4]]
[2022.01.07-13.09.45:748][  0]LogConfig: Setting CVar [[r.LightMaxDrawDistanceScale:1]]
[2022.01.07-13.09.45:748][  0]LogConfig: Setting CVar [[r.CapsuleShadows:1]]
[2022.01.07-13.09.45:748][  0]LogConfig: Applying CVar settings from Section [PostProcessQuality@3] File [D:/Git/UnrealChall2/UnrealChallenge/Saved/Config/Windows/Scalability.ini]
[2022.01.07-13.09.45:748][  0]LogConfig: Setting CVar [[r.MotionBlurQuality:4]]
[2022.01.07-13.09.45:748][  0]LogConfig: Setting CVar [[r.AmbientOcclusionMipLevelFactor:0.4]]
[2022.01.07-13.09.45:748][  0]LogConfig: Setting CVar [[r.AmbientOcclusionMaxQuality:100]]
[2022.01.07-13.09.45:748][  0]LogConfig: Setting CVar [[r.AmbientOcclusionLevels:-1]]
[2022.01.07-13.09.45:748][  0]LogConfig: Setting CVar [[r.AmbientOcclusionRadiusScale:1.0]]
[2022.01.07-13.09.45:748][  0]LogConfig: Setting CVar [[r.DepthOfFieldQuality:2]]
[2022.01.07-13.09.45:748][  0]LogConfig: Setting CVar [[r.RenderTargetPoolMin:400]]
[2022.01.07-13.09.45:748][  0]LogConfig: Setting CVar [[r.LensFlareQuality:2]]
[2022.01.07-13.09.45:748][  0]LogConfig: Setting CVar [[r.SceneColorFringeQuality:1]]
[2022.01.07-13.09.45:748][  0]LogConfig: Setting CVar [[r.EyeAdaptationQuality:2]]
[2022.01.07-13.09.45:748][  0]LogConfig: Setting CVar [[r.BloomQuality:5]]
[2022.01.07-13.09.45:748][  0]LogConfig: Setting CVar [[r.FastBlurThreshold:100]]
[2022.01.07-13.09.45:748][  0]LogConfig: Setting CVar [[r.Upscale.Quality:3]]
[2022.01.07-13.09.45:748][  0]LogConfig: Setting CVar [[r.Tonemapper.GrainQuantization:1]]
[2022.01.07-13.09.45:748][  0]LogConfig: Setting CVar [[r.LightShaftQuality:1]]
[2022.01.07-13.09.45:748][  0]LogConfig: Setting CVar [[r.Filter.SizeScale:1]]
[2022.01.07-13.09.45:748][  0]LogConfig: Setting CVar [[r.Tonemapper.Quality:5]]
[2022.01.07-13.09.45:748][  0]LogConfig: Setting CVar [[r.DOF.Gather.AccumulatorQuality:1        ; higher gathering accumulator quality]]
[2022.01.07-13.09.45:748][  0]LogConfig: Setting CVar [[r.DOF.Gather.PostfilterMethod:1          ; Median3x3 postfilering method]]
[2022.01.07-13.09.45:748][  0]LogConfig: Setting CVar [[r.DOF.Gather.EnableBokehSettings:0       ; no bokeh simulation when gathering]]
[2022.01.07-13.09.45:748][  0]LogConfig: Setting CVar [[r.DOF.Gather.RingCount:4                 ; medium number of samples when gathering]]
[2022.01.07-13.09.45:748][  0]LogConfig: Setting CVar [[r.DOF.Scatter.ForegroundCompositing:1    ; additive foreground scattering]]
[2022.01.07-13.09.45:748][  0]LogConfig: Setting CVar [[r.DOF.Scatter.BackgroundCompositing:2    ; additive background scattering]]
[2022.01.07-13.09.45:748][  0]LogConfig: Setting CVar [[r.DOF.Scatter.EnableBokehSettings:1      ; bokeh simulation when scattering]]
[2022.01.07-13.09.45:748][  0]LogConfig: Setting CVar [[r.DOF.Scatter.MaxSpriteRatio:0.1         ; only a maximum of 10% of scattered bokeh]]
[2022.01.07-13.09.45:748][  0]LogConfig: Setting CVar [[r.DOF.Recombine.Quality:1                ; cheap slight out of focus]]
[2022.01.07-13.09.45:748][  0]LogConfig: Setting CVar [[r.DOF.Recombine.EnableBokehSettings:0    ; no bokeh simulation on slight out of focus]]
[2022.01.07-13.09.45:748][  0]LogConfig: Setting CVar [[r.DOF.TemporalAAQuality:1                ; more stable temporal accumulation]]
[2022.01.07-13.09.45:748][  0]LogConfig: Setting CVar [[r.DOF.Kernel.MaxForegroundRadius:0.025]]
[2022.01.07-13.09.45:748][  0]LogConfig: Setting CVar [[r.DOF.Kernel.MaxBackgroundRadius:0.025]]
[2022.01.07-13.09.45:748][  0]LogConfig: Applying CVar settings from Section [TextureQuality@3] File [D:/Git/UnrealChall2/UnrealChallenge/Saved/Config/Windows/Scalability.ini]
[2022.01.07-13.09.45:748][  0]LogConfig: Setting CVar [[r.Streaming.MipBias:0]]
[2022.01.07-13.09.45:748][  0]LogConfig: Setting CVar [[r.Streaming.AmortizeCPUToGPUCopy:0]]
[2022.01.07-13.09.45:748][  0]LogConfig: Setting CVar [[r.Streaming.MaxNumTexturesToStreamPerFrame:0]]
[2022.01.07-13.09.45:748][  0]LogConfig: Setting CVar [[r.Streaming.Boost:1]]
[2022.01.07-13.09.45:748][  0]LogConfig: Setting CVar [[r.MaxAnisotropy:8]]
[2022.01.07-13.09.45:748][  0]LogConfig: Setting CVar [[r.VT.MaxAnisotropy:8]]
[2022.01.07-13.09.45:748][  0]LogConfig: Setting CVar [[r.Streaming.LimitPoolSizeToVRAM:0]]
[2022.01.07-13.09.45:748][  0]LogConfig: Setting CVar [[r.Streaming.PoolSize:1000]]
[2022.01.07-13.09.45:748][  0]LogConfig: Setting CVar [[r.Streaming.MaxEffectiveScreenSize:0]]
[2022.01.07-13.09.45:749][  0]LogConfig: Applying CVar settings from Section [EffectsQuality@3] File [D:/Git/UnrealChall2/UnrealChallenge/Saved/Config/Windows/Scalability.ini]
[2022.01.07-13.09.45:749][  0]LogConfig: Setting CVar [[r.TranslucencyLightingVolumeDim:64]]
[2022.01.07-13.09.45:749][  0]LogConfig: Setting CVar [[r.RefractionQuality:2]]
[2022.01.07-13.09.45:749][  0]LogConfig: Setting CVar [[r.SSR.Quality:3]]
[2022.01.07-13.09.45:749][  0]LogConfig: Setting CVar [[r.SSR.HalfResSceneColor:0]]
[2022.01.07-13.09.45:749][  0]LogConfig: Setting CVar [[r.SceneColorFormat:4]]
[2022.01.07-13.09.45:749][  0]LogConfig: Setting CVar [[r.DetailMode:2]]
[2022.01.07-13.09.45:749][  0]LogConfig: Setting CVar [[r.TranslucencyVolumeBlur:1]]
[2022.01.07-13.09.45:749][  0]LogConfig: Setting CVar [[r.MaterialQualityLevel:1 ; High quality]]
[2022.01.07-13.09.45:749][  0]LogConfig: Setting CVar [[r.AnisotropicMaterials:1]]
[2022.01.07-13.09.45:749][  0]LogConfig: Setting CVar [[r.SSS.Scale:1]]
[2022.01.07-13.09.45:749][  0]LogConfig: Setting CVar [[r.SSS.SampleSet:2]]
[2022.01.07-13.09.45:749][  0]LogConfig: Setting CVar [[r.SSS.Quality:1]]
[2022.01.07-13.09.45:749][  0]LogConfig: Setting CVar [[r.SSS.HalfRes:0]]
[2022.01.07-13.09.45:749][  0]LogConfig: Setting CVar [[r.SSGI.Quality:3]]
[2022.01.07-13.09.45:749][  0]LogConfig: Setting CVar [[r.EmitterSpawnRateScale:1.0]]
[2022.01.07-13.09.45:749][  0]LogConfig: Setting CVar [[r.ParticleLightQuality:2]]
[2022.01.07-13.09.45:749][  0]LogConfig: Setting CVar [[r.SkyAtmosphere.AerialPerspectiveLUT.FastApplyOnOpaque:1 ; Always have FastSkyLUT 1 in this case to avoid wrong sky]]
[2022.01.07-13.09.45:749][  0]LogConfig: Setting CVar [[r.SkyAtmosphere.AerialPerspectiveLUT.SampleCountMaxPerSlice:4]]
[2022.01.07-13.09.45:749][  0]LogConfig: Setting CVar [[r.SkyAtmosphere.AerialPerspectiveLUT.DepthResolution:16.0]]
[2022.01.07-13.09.45:749][  0]LogConfig: Setting CVar [[r.SkyAtmosphere.FastSkyLUT:1]]
[2022.01.07-13.09.45:749][  0]LogConfig: Setting CVar [[r.SkyAtmosphere.FastSkyLUT.SampleCountMin:4.0]]
[2022.01.07-13.09.45:749][  0]LogConfig: Setting CVar [[r.SkyAtmosphere.FastSkyLUT.SampleCountMax:128.0]]
[2022.01.07-13.09.45:749][  0]LogConfig: Setting CVar [[r.SkyAtmosphere.SampleCountMin:4.0]]
[2022.01.07-13.09.45:749][  0]LogConfig: Setting CVar [[r.SkyAtmosphere.SampleCountMax:128.0]]
[2022.01.07-13.09.45:749][  0]LogConfig: Setting CVar [[r.SkyAtmosphere.TransmittanceLUT.UseSmallFormat:0]]
[2022.01.07-13.09.45:749][  0]LogConfig: Setting CVar [[r.SkyAtmosphere.TransmittanceLUT.SampleCount:10.0]]
[2022.01.07-13.09.45:749][  0]LogConfig: Setting CVar [[r.SkyAtmosphere.MultiScatteringLUT.SampleCount:15.0]]
[2022.01.07-13.09.45:749][  0]LogConfig: Setting CVar [[r.SkyLight.RealTimeReflectionCapture:1]]
[2022.01.07-13.09.45:749][  0]LogConfig: Applying CVar settings from Section [FoliageQuality@3] File [D:/Git/UnrealChall2/UnrealChallenge/Saved/Config/Windows/Scalability.ini]
[2022.01.07-13.09.45:749][  0]LogConfig: Setting CVar [[foliage.DensityScale:1.0]]
[2022.01.07-13.09.45:749][  0]LogConfig: Setting CVar [[grass.DensityScale:1.0]]
[2022.01.07-13.09.45:749][  0]LogConfig: Applying CVar settings from Section [ShadingQuality@3] File [D:/Git/UnrealChall2/UnrealChallenge/Saved/Config/Windows/Scalability.ini]
[2022.01.07-13.09.45:749][  0]LogConfig: Setting CVar [[r.HairStrands.SkyLighting.IntegrationType:2]]
[2022.01.07-13.09.45:749][  0]LogConfig: Setting CVar [[r.HairStrands.SkyAO.SampleCount:4]]
[2022.01.07-13.09.45:749][  0]LogConfig: Setting CVar [[r.HairStrands.Visibility.MSAA.SamplePerPixel:4]]
[2022.01.07-13.09.45:749][  0]LogInit: Selected Device Profile: [Windows]
[2022.01.07-13.09.45:749][  0]LogInit: Applying CVar settings loaded from the selected device profile: [Windows]
[2022.01.07-13.09.45:749][  0]LogHAL: Display: Platform has ~ 16 GB [16978206720 / 17179869184 / 16], which maps to Larger [LargestMinGB=32, LargerMinGB=12, DefaultMinGB=8, SmallerMinGB=6, SmallestMinGB=0)
[2022.01.07-13.09.45:749][  0]LogInit: Going up to parent DeviceProfile []
[2022.01.07-13.09.45:750][  0]LogConfig: Applying CVar settings from Section [ViewDistanceQuality@3] File [D:/Git/UnrealChall2/UnrealChallenge/Saved/Config/Windows/Scalability.ini]
[2022.01.07-13.09.45:750][  0]LogConfig: Setting CVar [[r.SkeletalMeshLODBias:0]]
[2022.01.07-13.09.45:750][  0]LogConfig: Setting CVar [[r.ViewDistanceScale:1.0]]
[2022.01.07-13.09.45:750][  0]LogConfig: Applying CVar settings from Section [AntiAliasingQuality@3] File [D:/Git/UnrealChall2/UnrealChallenge/Saved/Config/Windows/Scalability.ini]
[2022.01.07-13.09.45:750][  0]LogConfig: Setting CVar [[r.PostProcessAAQuality:4]]
[2022.01.07-13.09.45:750][  0]LogConfig: Applying CVar settings from Section [ShadowQuality@3] File [D:/Git/UnrealChall2/UnrealChallenge/Saved/Config/Windows/Scalability.ini]
[2022.01.07-13.09.45:750][  0]LogConfig: Setting CVar [[r.LightFunctionQuality:1]]
[2022.01.07-13.09.45:750][  0]LogConfig: Setting CVar [[r.ShadowQuality:5]]
[2022.01.07-13.09.45:750][  0]LogConfig: Setting CVar [[r.Shadow.CSM.MaxCascades:10]]
[2022.01.07-13.09.45:750][  0]LogConfig: Setting CVar [[r.Shadow.MaxResolution:2048]]
[2022.01.07-13.09.45:750][  0]LogConfig: Setting CVar [[r.Shadow.MaxCSMResolution:2048]]
[2022.01.07-13.09.45:750][  0]LogConfig: Setting CVar [[r.Shadow.RadiusThreshold:0.01]]
[2022.01.07-13.09.45:750][  0]LogConfig: Setting CVar [[r.Shadow.DistanceScale:1.0]]
[2022.01.07-13.09.45:750][  0]LogConfig: Setting CVar [[r.Shadow.CSM.TransitionScale:1.0]]
[2022.01.07-13.09.45:750][  0]LogConfig: Setting CVar [[r.Shadow.PreShadowResolutionFactor:1.0]]
[2022.01.07-13.09.45:750][  0]LogConfig: Setting CVar [[r.DistanceFieldShadowing:1]]
[2022.01.07-13.09.45:750][  0]LogConfig: Setting CVar [[r.DistanceFieldAO:1]]
[2022.01.07-13.09.45:750][  0]LogConfig: Setting CVar [[r.AOQuality:2]]
[2022.01.07-13.09.45:750][  0]LogConfig: Setting CVar [[r.VolumetricFog:1]]
[2022.01.07-13.09.45:750][  0]LogConfig: Setting CVar [[r.VolumetricFog.GridPixelSize:8]]
[2022.01.07-13.09.45:750][  0]LogConfig: Setting CVar [[r.VolumetricFog.GridSizeZ:128]]
[2022.01.07-13.09.45:750][  0]LogConfig: Setting CVar [[r.VolumetricFog.HistoryMissSupersampleCount:4]]
[2022.01.07-13.09.45:750][  0]LogConfig: Setting CVar [[r.LightMaxDrawDistanceScale:1]]
[2022.01.07-13.09.45:750][  0]LogConfig: Setting CVar [[r.CapsuleShadows:1]]
[2022.01.07-13.09.45:750][  0]LogConfig: Applying CVar settings from Section [PostProcessQuality@3] File [D:/Git/UnrealChall2/UnrealChallenge/Saved/Config/Windows/Scalability.ini]
[2022.01.07-13.09.45:750][  0]LogConfig: Setting CVar [[r.MotionBlurQuality:4]]
[2022.01.07-13.09.45:750][  0]LogConfig: Setting CVar [[r.AmbientOcclusionMipLevelFactor:0.4]]
[2022.01.07-13.09.45:750][  0]LogConfig: Setting CVar [[r.AmbientOcclusionMaxQuality:100]]
[2022.01.07-13.09.45:750][  0]LogConfig: Setting CVar [[r.AmbientOcclusionLevels:-1]]
[2022.01.07-13.09.45:750][  0]LogConfig: Setting CVar [[r.AmbientOcclusionRadiusScale:1.0]]
[2022.01.07-13.09.45:750][  0]LogConfig: Setting CVar [[r.DepthOfFieldQuality:2]]
[2022.01.07-13.09.45:750][  0]LogConfig: Setting CVar [[r.RenderTargetPoolMin:400]]
[2022.01.07-13.09.45:750][  0]LogConfig: Setting CVar [[r.LensFlareQuality:2]]
[2022.01.07-13.09.45:750][  0]LogConfig: Setting CVar [[r.SceneColorFringeQuality:1]]
[2022.01.07-13.09.45:750][  0]LogConfig: Setting CVar [[r.EyeAdaptationQuality:2]]
[2022.01.07-13.09.45:750][  0]LogConfig: Setting CVar [[r.BloomQuality:5]]
[2022.01.07-13.09.45:750][  0]LogConfig: Setting CVar [[r.FastBlurThreshold:100]]
[2022.01.07-13.09.45:750][  0]LogConfig: Setting CVar [[r.Upscale.Quality:3]]
[2022.01.07-13.09.45:750][  0]LogConfig: Setting CVar [[r.Tonemapper.GrainQuantization:1]]
[2022.01.07-13.09.45:750][  0]LogConfig: Setting CVar [[r.LightShaftQuality:1]]
[2022.01.07-13.09.45:750][  0]LogConfig: Setting CVar [[r.Filter.SizeScale:1]]
[2022.01.07-13.09.45:750][  0]LogConfig: Setting CVar [[r.Tonemapper.Quality:5]]
[2022.01.07-13.09.45:750][  0]LogConfig: Setting CVar [[r.DOF.Gather.AccumulatorQuality:1        ; higher gathering accumulator quality]]
[2022.01.07-13.09.45:750][  0]LogConfig: Setting CVar [[r.DOF.Gather.PostfilterMethod:1          ; Median3x3 postfilering method]]
[2022.01.07-13.09.45:750][  0]LogConfig: Setting CVar [[r.DOF.Gather.EnableBokehSettings:0       ; no bokeh simulation when gathering]]
[2022.01.07-13.09.45:750][  0]LogConfig: Setting CVar [[r.DOF.Gather.RingCount:4                 ; medium number of samples when gathering]]
[2022.01.07-13.09.45:750][  0]LogConfig: Setting CVar [[r.DOF.Scatter.ForegroundCompositing:1    ; additive foreground scattering]]
[2022.01.07-13.09.45:750][  0]LogConfig: Setting CVar [[r.DOF.Scatter.BackgroundCompositing:2    ; additive background scattering]]
[2022.01.07-13.09.45:751][  0]LogConfig: Setting CVar [[r.DOF.Scatter.EnableBokehSettings:1      ; bokeh simulation when scattering]]
[2022.01.07-13.09.45:751][  0]LogConfig: Setting CVar [[r.DOF.Scatter.MaxSpriteRatio:0.1         ; only a maximum of 10% of scattered bokeh]]
[2022.01.07-13.09.45:751][  0]LogConfig: Setting CVar [[r.DOF.Recombine.Quality:1                ; cheap slight out of focus]]
[2022.01.07-13.09.45:751][  0]LogConfig: Setting CVar [[r.DOF.Recombine.EnableBokehSettings:0    ; no bokeh simulation on slight out of focus]]
[2022.01.07-13.09.45:751][  0]LogConfig: Setting CVar [[r.DOF.TemporalAAQuality:1                ; more stable temporal accumulation]]
[2022.01.07-13.09.45:751][  0]LogConfig: Setting CVar [[r.DOF.Kernel.MaxForegroundRadius:0.025]]
[2022.01.07-13.09.45:751][  0]LogConfig: Setting CVar [[r.DOF.Kernel.MaxBackgroundRadius:0.025]]
[2022.01.07-13.09.45:751][  0]LogConfig: Applying CVar settings from Section [TextureQuality@3] File [D:/Git/UnrealChall2/UnrealChallenge/Saved/Config/Windows/Scalability.ini]
[2022.01.07-13.09.45:751][  0]LogConfig: Setting CVar [[r.Streaming.MipBias:0]]
[2022.01.07-13.09.45:751][  0]LogConfig: Setting CVar [[r.Streaming.AmortizeCPUToGPUCopy:0]]
[2022.01.07-13.09.45:751][  0]LogConfig: Setting CVar [[r.Streaming.MaxNumTexturesToStreamPerFrame:0]]
[2022.01.07-13.09.45:751][  0]LogConfig: Setting CVar [[r.Streaming.Boost:1]]
[2022.01.07-13.09.45:751][  0]LogConfig: Setting CVar [[r.MaxAnisotropy:8]]
[2022.01.07-13.09.45:751][  0]LogConfig: Setting CVar [[r.VT.MaxAnisotropy:8]]
[2022.01.07-13.09.45:751][  0]LogConfig: Setting CVar [[r.Streaming.LimitPoolSizeToVRAM:0]]
[2022.01.07-13.09.45:751][  0]LogConfig: Setting CVar [[r.Streaming.PoolSize:1000]]
[2022.01.07-13.09.45:751][  0]LogConfig: Setting CVar [[r.Streaming.MaxEffectiveScreenSize:0]]
[2022.01.07-13.09.45:751][  0]LogConfig: Applying CVar settings from Section [EffectsQuality@3] File [D:/Git/UnrealChall2/UnrealChallenge/Saved/Config/Windows/Scalability.ini]
[2022.01.07-13.09.45:751][  0]LogConfig: Setting CVar [[r.TranslucencyLightingVolumeDim:64]]
[2022.01.07-13.09.45:751][  0]LogConfig: Setting CVar [[r.RefractionQuality:2]]
[2022.01.07-13.09.45:751][  0]LogConfig: Setting CVar [[r.SSR.Quality:3]]
[2022.01.07-13.09.45:751][  0]LogConfig: Setting CVar [[r.SSR.HalfResSceneColor:0]]
[2022.01.07-13.09.45:751][  0]LogConfig: Setting CVar [[r.SceneColorFormat:4]]
[2022.01.07-13.09.45:751][  0]LogConfig: Setting CVar [[r.DetailMode:2]]
[2022.01.07-13.09.45:751][  0]LogConfig: Setting CVar [[r.TranslucencyVolumeBlur:1]]
[2022.01.07-13.09.45:751][  0]LogConfig: Setting CVar [[r.MaterialQualityLevel:1 ; High quality]]
[2022.01.07-13.09.45:751][  0]LogConfig: Setting CVar [[r.AnisotropicMaterials:1]]
[2022.01.07-13.09.45:751][  0]LogConfig: Setting CVar [[r.SSS.Scale:1]]
[2022.01.07-13.09.45:751][  0]LogConfig: Setting CVar [[r.SSS.SampleSet:2]]
[2022.01.07-13.09.45:751][  0]LogConfig: Setting CVar [[r.SSS.Quality:1]]
[2022.01.07-13.09.45:751][  0]LogConfig: Setting CVar [[r.SSS.HalfRes:0]]
[2022.01.07-13.09.45:751][  0]LogConfig: Setting CVar [[r.SSGI.Quality:3]]
[2022.01.07-13.09.45:751][  0]LogConfig: Setting CVar [[r.EmitterSpawnRateScale:1.0]]
[2022.01.07-13.09.45:751][  0]LogConfig: Setting CVar [[r.ParticleLightQuality:2]]
[2022.01.07-13.09.45:751][  0]LogConfig: Setting CVar [[r.SkyAtmosphere.AerialPerspectiveLUT.FastApplyOnOpaque:1 ; Always have FastSkyLUT 1 in this case to avoid wrong sky]]
[2022.01.07-13.09.45:751][  0]LogConfig: Setting CVar [[r.SkyAtmosphere.AerialPerspectiveLUT.SampleCountMaxPerSlice:4]]
[2022.01.07-13.09.45:751][  0]LogConfig: Setting CVar [[r.SkyAtmosphere.AerialPerspectiveLUT.DepthResolution:16.0]]
[2022.01.07-13.09.45:751][  0]LogConfig: Setting CVar [[r.SkyAtmosphere.FastSkyLUT:1]]
[2022.01.07-13.09.45:751][  0]LogConfig: Setting CVar [[r.SkyAtmosphere.FastSkyLUT.SampleCountMin:4.0]]
[2022.01.07-13.09.45:751][  0]LogConfig: Setting CVar [[r.SkyAtmosphere.FastSkyLUT.SampleCountMax:128.0]]
[2022.01.07-13.09.45:751][  0]LogConfig: Setting CVar [[r.SkyAtmosphere.SampleCountMin:4.0]]
[2022.01.07-13.09.45:751][  0]LogConfig: Setting CVar [[r.SkyAtmosphere.SampleCountMax:128.0]]
[2022.01.07-13.09.45:751][  0]LogConfig: Setting CVar [[r.SkyAtmosphere.TransmittanceLUT.UseSmallFormat:0]]
[2022.01.07-13.09.45:751][  0]LogConfig: Setting CVar [[r.SkyAtmosphere.TransmittanceLUT.SampleCount:10.0]]
[2022.01.07-13.09.45:751][  0]LogConfig: Setting CVar [[r.SkyAtmosphere.MultiScatteringLUT.SampleCount:15.0]]
[2022.01.07-13.09.45:751][  0]LogConfig: Setting CVar [[r.SkyLight.RealTimeReflectionCapture:1]]
[2022.01.07-13.09.45:751][  0]LogConfig: Applying CVar settings from Section [FoliageQuality@3] File [D:/Git/UnrealChall2/UnrealChallenge/Saved/Config/Windows/Scalability.ini]
[2022.01.07-13.09.45:751][  0]LogConfig: Setting CVar [[foliage.DensityScale:1.0]]
[2022.01.07-13.09.45:751][  0]LogConfig: Setting CVar [[grass.DensityScale:1.0]]
[2022.01.07-13.09.45:751][  0]LogConfig: Applying CVar settings from Section [ShadingQuality@3] File [D:/Git/UnrealChall2/UnrealChallenge/Saved/Config/Windows/Scalability.ini]
[2022.01.07-13.09.45:752][  0]LogConfig: Setting CVar [[r.HairStrands.SkyLighting.IntegrationType:2]]
[2022.01.07-13.09.45:752][  0]LogConfig: Setting CVar [[r.HairStrands.SkyAO.SampleCount:4]]
[2022.01.07-13.09.45:752][  0]LogConfig: Setting CVar [[r.HairStrands.Visibility.MSAA.SamplePerPixel:4]]
[2022.01.07-13.09.45:752][  0]LogConfig: Applying CVar settings from Section [Startup] File [../../../Engine/Config/ConsoleVariables.ini]
[2022.01.07-13.09.45:752][  0]LogConfig: Setting CVar [[net.UseAdaptiveNetUpdateFrequency:0]]
[2022.01.07-13.09.45:753][  0]LogConfig: Setting CVar [[p.chaos.AllowCreatePhysxBodies:1]]
[2022.01.07-13.09.45:753][  0]LogConfig: Setting CVar [[fx.SkipVectorVMBackendOptimizations:1]]
[2022.01.07-13.09.45:753][  0]LogConfig: Applying CVar settings from Section [ConsoleVariables] File [D:/Git/UnrealChall2/UnrealChallenge/Saved/Config/Windows/Engine.ini]
[2022.01.07-13.09.45:753][  0]LogConfig: Applying CVar settings from Section [ConsoleVariables] File [D:/Git/UnrealChall2/UnrealChallenge/Saved/Config/Windows/Editor.ini]
[2022.01.07-13.09.45:753][  0]LogInit: Computer: LAPTOP-V9KVCQSN
[2022.01.07-13.09.45:753][  0]LogInit: User: KhalilArcilla
[2022.01.07-13.09.45:753][  0]LogInit: CPU Page size=4096, Cores=4
[2022.01.07-13.09.45:753][  0]LogInit: High frequency timer resolution =10.000000 MHz
[2022.01.07-13.09.45:753][  0]LogMemory: Memory total: Physical=15.8GB (16GB approx)
[2022.01.07-13.09.45:753][  0]LogMemory: Platform Memory Stats for Windows
[2022.01.07-13.09.45:753][  0]LogMemory: Process Physical Memory: 142.09 MB used, 142.10 MB peak
[2022.01.07-13.09.45:753][  0]LogMemory: Process Virtual Memory: 126.50 MB used, 126.50 MB peak
[2022.01.07-13.09.45:753][  0]LogMemory: Physical Memory: 10456.40 MB used,  5735.28 MB free, 16191.68 MB total
[2022.01.07-13.09.45:753][  0]LogMemory: Virtual Memory: 134197992.00 MB used,  19734.94 MB free, 134217728.00 MB total
[2022.01.07-13.09.45:765][  0]LogWindows: WindowsPlatformFeatures enabled
[2022.01.07-13.09.45:857][  0]LogInit: Physics initialised using underlying interface: PhysX
[2022.01.07-13.09.45:859][  0]LogInit: Using OS detected language (en-US).
[2022.01.07-13.09.45:859][  0]LogInit: Using OS detected locale (en-PH).
[2022.01.07-13.09.45:863][  0]LogTextLocalizationManager: No specific localization for 'en-US' exists, so the 'en' localization will be used.
[2022.01.07-13.09.46:297][  0]LogInit: Setting process to per monitor DPI aware
[2022.01.07-13.09.46:324][  0]LogWindowsTextInputMethodSystem: Display: IME system deactivated.
[2022.01.07-13.09.46:355][  0]LogSlate: New Slate User Created.  User Index 0, Is Virtual User: 0
[2022.01.07-13.09.46:355][  0]LogSlate: Slate User Registered.  User Index 0, Is Virtual User: 0
[2022.01.07-13.09.46:813][  0]LogD3D11RHI: Loaded GFSDK_Aftermath_Lib.x64.dll
[2022.01.07-13.09.46:844][  0]LogHMD: Failed to initialize OpenVR with code 110
[2022.01.07-13.09.46:844][  0]LogD3D11RHI: D3D11 min allowed feature level: 11_0
[2022.01.07-13.09.46:844][  0]LogD3D11RHI: D3D11 max allowed feature level: 11_0
[2022.01.07-13.09.46:844][  0]LogD3D11RHI: D3D11 adapters:
[2022.01.07-13.09.47:059][  0]LogD3D11RHI:    0. 'NVIDIA GeForce GTX 1660 Ti' (Feature Level 11_0)
[2022.01.07-13.09.47:059][  0]LogD3D11RHI:       5991/0/8095 MB DedicatedVideo/DedicatedSystem/SharedSystem, Outputs:2, VendorId:0x10de
[2022.01.07-13.09.47:123][  0]LogD3D11RHI:    1. 'AMD Radeon(TM) RX Vega 10 Graphics' (Feature Level 11_0)
[2022.01.07-13.09.47:123][  0]LogD3D11RHI:       113/0/8095 MB DedicatedVideo/DedicatedSystem/SharedSystem, Outputs:0, VendorId:0x1002
[2022.01.07-13.09.47:129][  0]LogD3D11RHI:    2. 'Microsoft Basic Render Driver' (Feature Level 11_0)
[2022.01.07-13.09.47:129][  0]LogD3D11RHI:       0/0/8095 MB DedicatedVideo/DedicatedSystem/SharedSystem, Outputs:0, VendorId:0x1414
[2022.01.07-13.09.47:130][  0]LogD3D11RHI: Chosen D3D11 Adapter:
[2022.01.07-13.09.47:130][  0]LogD3D11RHI:     Description : NVIDIA GeForce GTX 1660 Ti
[2022.01.07-13.09.47:130][  0]LogD3D11RHI:     VendorId    : 10de
[2022.01.07-13.09.47:130][  0]LogD3D11RHI:     DeviceId    : 2191
[2022.01.07-13.09.47:130][  0]LogD3D11RHI:     SubSysId    : 10af1043
[2022.01.07-13.09.47:130][  0]LogD3D11RHI:     Revision    : 00a1
[2022.01.07-13.09.47:130][  0]LogD3D11RHI:     DedicatedVideoMemory : 6282018816 bytes
[2022.01.07-13.09.47:130][  0]LogD3D11RHI:     DedicatedSystemMemory : 0 bytes
[2022.01.07-13.09.47:130][  0]LogD3D11RHI:     SharedSystemMemory : 8489103360 bytes
[2022.01.07-13.09.47:130][  0]LogD3D11RHI:     AdapterLuid : 0 50983
[2022.01.07-13.09.47:146][  0]LogD3D11RHI: Creating new Direct3DDevice
[2022.01.07-13.09.47:146][  0]LogD3D11RHI:     GPU DeviceId: 0x2191 (for the marketing name, search the web for "GPU Device Id")
[2022.01.07-13.09.47:146][  0]LogWindows: EnumDisplayDevices:
[2022.01.07-13.09.47:146][  0]LogWindows:    0. 'AMD Radeon(TM) RX Vega 10 Graphics' (P:1 D:1)
[2022.01.07-13.09.47:146][  0]LogWindows:    1. 'AMD Radeon(TM) RX Vega 10 Graphics' (P:0 D:0)
[2022.01.07-13.09.47:147][  0]LogWindows:    2. 'AMD Radeon(TM) RX Vega 10 Graphics' (P:0 D:0)
[2022.01.07-13.09.47:148][  0]LogWindows:    3. 'NVIDIA GeForce GTX 1660 Ti' (P:0 D:1)
[2022.01.07-13.09.47:148][  0]LogWindows: DebugString: PrimaryIsNotTheChoosenAdapter PrimaryIsNotTheChoosenAdapter PrimaryIsNotTheChoosenAdapter 
[2022.01.07-13.09.47:148][  0]LogD3D11RHI:     Adapter Name: NVIDIA GeForce GTX 1660 Ti
[2022.01.07-13.09.47:148][  0]LogD3D11RHI:   Driver Version: 496.76 (internal:30.0.14.9676, unified:496.76)
[2022.01.07-13.09.47:148][  0]LogD3D11RHI:      Driver Date: 11-9-2021
[2022.01.07-13.09.47:149][  0]LogRHI: Texture pool is 4193 MB (70% of 5991 MB)
[2022.01.07-13.09.47:149][  0]LogD3D11RHI: Creating D3DDevice using adapter:
[2022.01.07-13.09.47:149][  0]LogD3D11RHI:     Description : NVIDIA GeForce GTX 1660 Ti
[2022.01.07-13.09.47:149][  0]LogD3D11RHI:     VendorId    : 10de
[2022.01.07-13.09.47:149][  0]LogD3D11RHI:     DeviceId    : 2191
[2022.01.07-13.09.47:149][  0]LogD3D11RHI:     SubSysId    : 10af1043
[2022.01.07-13.09.47:149][  0]LogD3D11RHI:     Revision    : 00a1
[2022.01.07-13.09.47:149][  0]LogD3D11RHI:     DedicatedVideoMemory : 6282018816 bytes
[2022.01.07-13.09.47:149][  0]LogD3D11RHI:     DedicatedSystemMemory : 0 bytes
[2022.01.07-13.09.47:149][  0]LogD3D11RHI:     SharedSystemMemory : 8489103360 bytes
[2022.01.07-13.09.47:149][  0]LogD3D11RHI:     AdapterLuid : 0 50983
[2022.01.07-13.09.47:286][  0]LogD3D11RHI: RHI has support for 64 bit atomics
[2022.01.07-13.09.47:286][  0]LogD3D11RHI: Async texture creation enabled
[2022.01.07-13.09.47:287][  0]LogD3D11RHI: Array index from any shader is supported
[2022.01.07-13.09.47:335][  0]LogD3D11RHI: GPU Timing Frequency: 1000.000000 (Debug: 2 1)
[2022.01.07-13.09.47:402][  0]LogRHI: GeForceNow SDK initialized: 1
[2022.01.07-13.09.48:056][  0]LogTargetPlatformManager: Display: Loaded TargetPlatform 'AllDesktop'
[2022.01.07-13.09.48:096][  0]LogTargetPlatformManager: Display: Loaded TargetPlatform 'Android'
[2022.01.07-13.09.48:096][  0]LogTargetPlatformManager: Display: Loaded TargetPlatform 'Android_ASTC'
[2022.01.07-13.09.48:096][  0]LogTargetPlatformManager: Display: Loaded TargetPlatform 'Android_DXT'
[2022.01.07-13.09.48:096][  0]LogTargetPlatformManager: Display: Loaded TargetPlatform 'Android_ETC2'
[2022.01.07-13.09.48:096][  0]LogTargetPlatformManager: Display: Loaded TargetPlatform 'AndroidClient'
[2022.01.07-13.09.48:096][  0]LogTargetPlatformManager: Display: Loaded TargetPlatform 'Android_ASTCClient'
[2022.01.07-13.09.48:096][  0]LogTargetPlatformManager: Display: Loaded TargetPlatform 'Android_DXTClient'
[2022.01.07-13.09.48:096][  0]LogTargetPlatformManager: Display: Loaded TargetPlatform 'Android_ETC2Client'
[2022.01.07-13.09.48:096][  0]LogTargetPlatformManager: Display: Loaded TargetPlatform 'Android_Multi'
[2022.01.07-13.09.48:096][  0]LogTargetPlatformManager: Display: Loaded TargetPlatform 'Android_MultiClient'
[2022.01.07-13.09.48:127][  0]LogTargetPlatformManager: Display: Loaded TargetPlatform 'IOSClient'
[2022.01.07-13.09.48:127][  0]LogTargetPlatformManager: Display: Loaded TargetPlatform 'IOS'
[2022.01.07-13.09.48:145][  0]LogTargetPlatformManager: Display: Loaded TargetPlatform 'Linux'
[2022.01.07-13.09.48:154][  0]LogTargetPlatformManager: Display: Loaded TargetPlatform 'LinuxNoEditor'
[2022.01.07-13.09.48:165][  0]LogTargetPlatformManager: Display: Loaded TargetPlatform 'LinuxClient'
[2022.01.07-13.09.48:176][  0]LogTargetPlatformManager: Display: Loaded TargetPlatform 'LinuxServer'
[2022.01.07-13.09.48:193][  0]LogTargetPlatformManager: Display: Loaded TargetPlatform 'LinuxAArch64NoEditor'
[2022.01.07-13.09.48:203][  0]LogTargetPlatformManager: Display: Loaded TargetPlatform 'LinuxAArch64Client'
[2022.01.07-13.09.48:212][  0]LogTargetPlatformManager: Display: Loaded TargetPlatform 'LinuxAArch64Server'
[2022.01.07-13.09.48:265][  0]LogTargetPlatformManager: Display: Loaded TargetPlatform 'Lumin'
[2022.01.07-13.09.48:265][  0]LogTargetPlatformManager: Display: Loaded TargetPlatform 'LuminClient'
[2022.01.07-13.09.48:282][  0]LogTargetPlatformManager: Display: Loaded TargetPlatform 'MacNoEditor'
[2022.01.07-13.09.48:293][  0]LogTargetPlatformManager: Display: Loaded TargetPlatform 'Mac'
[2022.01.07-13.09.48:303][  0]LogTargetPlatformManager: Display: Loaded TargetPlatform 'MacClient'
[2022.01.07-13.09.48:313][  0]LogTargetPlatformManager: Display: Loaded TargetPlatform 'MacServer'
[2022.01.07-13.09.48:333][  0]LogTargetPlatformManager: Display: Loaded TargetPlatform 'TVOSClient'
[2022.01.07-13.09.48:333][  0]LogTargetPlatformManager: Display: Loaded TargetPlatform 'TVOS'
[2022.01.07-13.09.48:350][  0]LogTargetPlatformManager: Display: Loaded TargetPlatform 'WindowsNoEditor'
[2022.01.07-13.09.48:360][  0]LogTargetPlatformManager: Display: Loaded TargetPlatform 'Windows'
[2022.01.07-13.09.48:370][  0]LogTargetPlatformManager: Display: Loaded TargetPlatform 'WindowsClient'
[2022.01.07-13.09.48:380][  0]LogTargetPlatformManager: Display: Loaded TargetPlatform 'WindowsServer'
[2022.01.07-13.09.48:380][  0]LogTargetPlatformManager: Display: Building Assets For Windows
[2022.01.07-13.09.48:396][  0]LogAudioDebug: Display: Lib vorbis DLL was dynamically loaded.
[2022.01.07-13.09.49:130][  0]LogTextureFormatOodle: Display: Oodle Texture 2.9.0 init RDO Off
[2022.01.07-13.09.49:194][  0]LogRendererCore: Ray tracing is disabled. Reason: r.RayTracing=0.
[2022.01.07-13.09.49:194][  0]LogShaderCompilers: Guid format shader working directory is 5 characters bigger than the processId version (../../../../../../Git/UnrealChall2/UnrealChallenge/Intermediate/Shaders/WorkingDirectory/8888/).
[2022.01.07-13.09.49:194][  0]LogShaderCompilers: Cleaned the shader compiler working directory 'C:/Users/Khalil Arcilla/AppData/Local/Temp/UnrealShaderWorkingDir/BEEB74604D6B53264128F3B7BD1E9ABB/'.
[2022.01.07-13.09.49:195][  0]LogXGEController: Cannot use XGE Controller as Incredibuild is not installed on this machine.
[2022.01.07-13.09.49:195][  0]LogShaderCompilers: Cannot use XGE Shader Compiler as Incredibuild is not installed on this machine.
[2022.01.07-13.09.49:195][  0]LogShaderCompilers: Display: Using Local Shader Compiler.
[2022.01.07-13.09.50:663][  0]LogDerivedDataCache: Display: Max Cache Size: 512 MB
[2022.01.07-13.09.50:781][  0]LogDerivedDataCache: Loaded boot cache 0.12s 94MB C:/Users/Khalil Arcilla/AppData/Local/UnrealEngine/4.27/DerivedDataCache/Boot.ddc.
[2022.01.07-13.09.50:781][  0]LogDerivedDataCache: Display: Loaded Boot cache: C:/Users/Khalil Arcilla/AppData/Local/UnrealEngine/4.27/DerivedDataCache/Boot.ddc
[2022.01.07-13.09.50:781][  0]LogDerivedDataCache: FDerivedDataBackendGraph:  Pak pak cache file ../../../../../../Git/UnrealChall2/UnrealChallenge/DerivedDataCache/DDC.ddp not found, will not use a pak cache.
[2022.01.07-13.09.50:781][  0]LogDerivedDataCache: Unable to find inner node Pak for hierarchical cache Hierarchy.
[2022.01.07-13.09.50:781][  0]LogDerivedDataCache: FDerivedDataBackendGraph:  CompressedPak pak cache file ../../../../../../Git/UnrealChall2/UnrealChallenge/DerivedDataCache/Compressed.ddp not found, will not use a pak cache.
[2022.01.07-13.09.50:781][  0]LogDerivedDataCache: Unable to find inner node CompressedPak for hierarchical cache Hierarchy.
[2022.01.07-13.09.50:817][  0]LogDerivedDataCache: Display: Pak cache opened for reading ../../../Engine/DerivedDataCache/Compressed.ddp.
[2022.01.07-13.09.50:818][  0]LogDerivedDataCache: FDerivedDataBackendGraph:  EnterprisePak pak cache file ../../../Enterprise/DerivedDataCache/Compressed.ddp not found, will not use a pak cache.
[2022.01.07-13.09.50:818][  0]LogDerivedDataCache: Unable to find inner node EnterprisePak for hierarchical cache Hierarchy.
[2022.01.07-13.09.50:842][  0]LogDerivedDataCache: Speed tests for C:/Users/Khalil Arcilla/AppData/Local/UnrealEngine/Common/DerivedDataCache took 0.02 seconds
[2022.01.07-13.09.50:842][  0]LogDerivedDataCache: Display: Performance to C:/Users/Khalil Arcilla/AppData/Local/UnrealEngine/Common/DerivedDataCache: Latency=0.11ms. RandomReadSpeed=536.52MBs, RandomWriteSpeed=43.78MBs. Assigned SpeedClass 'Local'
[2022.01.07-13.09.50:861][  0]LogDerivedDataCache: Using Local data cache path C:/Users/Khalil Arcilla/AppData/Local/UnrealEngine/Common/DerivedDataCache: Writable
[2022.01.07-13.09.50:861][  0]LogDerivedDataCache: Shared data cache path not found in *engine.ini, will not use an Shared cache.
[2022.01.07-13.09.50:861][  0]LogDerivedDataCache: Unable to find inner node Shared for hierarchical cache Hierarchy.
[2022.01.07-13.09.50:964][  0]LogSlate: Using FreeType 2.10.0
[2022.01.07-13.09.50:966][  0]LogSlate: SlateFontServices - WITH_FREETYPE: 1, WITH_HARFBUZZ: 1
[2022.01.07-13.09.51:018][  0]LogAssetRegistry: FAssetRegistry took 0.0057 seconds to start up
[2022.01.07-13.09.51:567][  0]LogInit: Selected Device Profile: [Windows]
[2022.01.07-13.09.51:567][  0]LogInit: Active device profile: [00000208131F9400][0000020812B468C0 49] Windows
[2022.01.07-13.09.51:568][  0]LogInit: Profiles: [00000208131F9400][0000020812B468C0 49] Windows, [000002081316FF00][0000020812B4AA00 49] WindowsNoEditor, [0000020813187500][0000020813D3EB40 49] WindowsServer, [000002081316EF00][0000020813D46CC0 49] WindowsClient, [0000020813184A00][0000020813D4AE40 49] IOS, [000002081316E200][0000020813D4EFC0 49] iPadAir, [0000020813186000][0000020813D53140 49] iPadAir2, [0000020813134600][0000020813D5B400 49] IPadPro, [0000020813134700][0000020813D57440 49] iPadAir3, [000002081316D300][0000020813D5F5C0 49] iPadAir4, [0000020813135400][0000020813D63740 49] iPadMini2, [000002081316F300][0000020813D678C0 49] iPadMini3, [0000020813135F00][0000020813D6BA40 49] iPadMini4, [000002081316DB00][0000020813D6FBC0 49] iPadMini5, [0000020813133E00][0000020813D76300 49] iPhone6, [0000020813133F00][0000020813D72340 49] iPodTouch6, [0000020813186600][0000020813D7E600 49] iPhone7, [0000020813187600][0000020813D7A640 49] iPodTouch7, [0000020813137900][0000020813D827C0 49] iPhone5S, [0000020813187F00][0000020813D86940 49] iPhone6Plus, [0000020813136400][0000020813D42A80 49] iPhone6S, [0000020813130100][0000020813D8ABC0 49] iPhone6SPlus, [0000020813185D00][0000020813D8ED00 49] iPhone7Plus, [0000020813133A00][0000020813D96E80 49] iPhoneSE, [0000020813186900][0000020813D9B000 49] iPhone8, [0000020813136F00][0000020813D9F180 49] iPhone8Plus, [0000020813131C00][0000020813DA3300 49] iPhoneX, [0000020813137A00][0000020813DA7480 49] iPhoneXS, [0000020813131B00][0000020813DAB600 49] iPhoneXSMax, [0000020813185400][0000020813DAF780 49] iPhoneXR, [0000020813131400][0000020813DB3900 49] iPhone11, [0000020813186800][0000020813DB7A80 49] iPhone11Pro, [0000020813132900][0000020813DBBC00 49] iPhone11ProMax, [0000020813186E00][0000020813DBE200 49] iPhoneSE2, [0000020813133600][0000020813DC2380 49] iPhone12Mini, [0000020813187C00][0000020813DC6500 49] iPhone12, [0000020813130E00][0000020813DCA680 49] iPhone12Pro, [0000020813184600][0000020813DCE800 49] iPhone12ProMax, [0000020813132800][0000020813DD2980 49] iPadPro105, [0000020813186200][0000020813DD6B00 49] iPadPro129, [0000020813131700][0000020813D92C40 49] iPadPro97, [0000020813185900][0000020813DDAD80 49] iPadPro2_129, [0000020813131E00][0000020813DDEEC0 49] iPad5, [0000020813184200][0000020813DE7040 49] iPad6, [0000020813130900][0000020813DEB1C0 49] iPad7, [0000020813184E00][0000020813DEF340 49] iPad8, [0000020813131800][0000020813DF34C0 49] iPadPro11, [0000020813187700][0000020813DF7640 49] iPadPro2_11, [0000020813133100][0000020813DFB7C0 49] iPadPro3_129, [0000020813186100][0000020813DFF940 49] iPadPro4_129, [0000020813130500][0000020813E03AC0 49] AppleTV, [0000020813184D00][0000020813E060C0 49] AppleTV4K, [0000020813130A00][0000020813E0A240 49] TVOS, [0000020813187400][0000020813E0E3C0 49] Mac, [0000020813130600][0000020813E12540 49] MacClient, [0000020813185B00][0000020813E166C0 49] MacNoEditor, [0000020813133C00][0000020813E1A840 49] MacServer, [0000020813187000][0000020813E1E9C0 49] Linux, [0000020813132100][0000020813E22B40 49] LinuxAArch64, [0000020813186400][0000020813E26CC0 49] LinuxNoEditor, [0000020813130200][0000020813DE2E00 49] LinuxAArch64NoEditor, [0000020813187300][0000020813E2AF40 49] LinuxClient, [0000020813131900][0000020813E2F080 49] LinuxAArch64Client, [0000020813187E00][0000020813E331C0 49] LinuxServer, [0000020813132F00][0000020813E3B340 49] LinuxAArch64Server, [0000020813187800][0000020813E3F4C0 49] Android, [0000020813131A00][0000020813E43640 49] Android_Low, [0000020813185800][0000020813E477C0 49] Android_Mid, [0000020813130B00][0000020813E4B940 49] Android_High, [0000020813184F00][0000020813E4FAC0 49] Android_Default, [0000020813132300][0000020813E520C0 49] Android_Adreno4xx, [0000020813187100][0000020813E56240 49] Android_Adreno5xx_Low, [0000020813130700][0000020813E5A3C0 49] Android_Adreno5xx, [0000020813186500][0000020813E5E540 49] Android_Adreno6xx, [0000020813133300][0000020813E626C0 49] Android_Adreno6xx_Vulkan, [00000208131FAD00][0000020813E66840 49] Android_Mali_T6xx, [0000020813136E00][0000020813E6A9C0 49] Android_Mali_T7xx, [00000208131F9200][0000020813E6EB40 49] Android_Mali_T8xx, [0000020813134F00][0000020813E72CC0 49] Android_Mali_G71, [00000208131F8C00][0000020813E76E40 49] Android_Mali_G72, [0000020813134800][0000020813E36F80 49] Android_Mali_G72_Vulkan, [00000208131F9900][0000020813E7B0C0 49] Android_Mali_G76, [0000020813136B00][0000020813E7F200 49] Android_Mali_G76_Vulkan, [00000208131FAC00][0000020813E83340 49] Android_Mali_G77, [0000020813137E00][0000020813E8B4C0 49] Android_Mali_G77_Vulkan, [00000208131F8D00][0000020813E8F640 49] Android_Mali_G78, [0000020813135C00][0000020813E937C0 49] Android_Mali_G78_Vulkan, [00000208131FAE00][0000020813E97940 49] Android_Mali_G710, [0000020813137B00][0000020813E9BAC0 49] Android_Mali_G710_Vulkan, [00000208131FB100][0000020813E9E0C0 49] Android_Vulkan_SM5, [0000020813136900][0000020813EA2240 49] Android_PowerVR_G6xxx, [00000208131FA400][0000020813EA63C0 49] Android_PowerVR_GT7xxx, [0000020813134200][0000020813EAA540 49] Android_PowerVR_GE8xxx, [00000208131F8400][0000020813EAE6C0 49] Android_PowerVR_GM9xxx, [0000020813134300][0000020813EB2840 49] Android_PowerVR_GM9xxx_Vulkan, [00000208131FAF00][0000020813EB69C0 49] Android_TegraK1, [0000020813135000][0000020813EBAB40 49] Android_Unknown_Vulkan, [0000020813131D00][0000020813EBECC0 49] Lumin, [0000020813134C00][0000020813EC2E40 49] Lumin_Desktop, [0000020813131000][0000020813EC6FC0 49] HoloLens, 
[2022.01.07-13.09.52:056][  0]LogMeshReduction: Using QuadricMeshReduction for automatic static mesh reduction
[2022.01.07-13.09.52:056][  0]LogMeshReduction: Using SimplygonMeshReduction for automatic skeletal mesh reduction
[2022.01.07-13.09.52:057][  0]LogMeshReduction: Using ProxyLODMeshReduction for automatic mesh merging
[2022.01.07-13.09.52:057][  0]LogMeshReduction: No distributed automatic mesh merging module available
[2022.01.07-13.09.52:057][  0]LogMeshMerging: No distributed automatic mesh merging module available
[2022.01.07-13.09.52:086][  0]LogNetVersion: UnrealChallenge 1.0.0, NetCL: 17155196, EngineNetVer: 17, GameNetVer: 0 (Checksum: 2942051608)
[2022.01.07-13.09.54:662][  0]LogTexture: Default maximum texture size for cubemaps generated from long-lat sources has been changed from 512 to unlimited. In order to preserve old behaiour for '/Engine/MapTemplates/Sky/DaylightAmbientCubemap.DaylightAmbientCubemap', its maximum texture size has been explicitly set to 512.
[2022.01.07-13.09.54:793][  0]LogHMD: PokeAHoleMaterial loaded successfully
[2022.01.07-13.09.54:805][  0]LogUObjectArray: 17178 objects as part of root set at end of initial load.
[2022.01.07-13.09.54:805][  0]LogUObjectAllocator: 4301856 out of 0 bytes used by permanent object pool.
[2022.01.07-13.09.54:805][  0]LogUObjectArray: CloseDisregardForGC: 0/0 objects in disregard for GC pool
[2022.01.07-13.09.55:415][  0]LogNiagaraDebuggerClient: Niagara Debugger Client Initialized | Session: C330F70546C15A2499F8269345D76E4F | Instance: 55E4C0934DDA5E7AFA6592ACCEAAA687 (LAPTOP-V9KVCQSN-8888).
[2022.01.07-13.09.55:488][  0]LogImageWrapper: Warning: PNG Warning: Duplicate iCCP chunk
[2022.01.07-13.09.55:488][  0]LogImageWrapper: Warning: PNG Warning: Duplicate iCCP chunk
[2022.01.07-13.09.55:488][  0]LogPython: Using Python 3.7.7
[2022.01.07-13.09.56:905][  0]LogTcpMessaging: Initializing TcpMessaging bridge
[2022.01.07-13.09.56:914][  0]LogUdpMessaging: Initializing bridge on interface 0.0.0.0:0 to multicast group 230.0.0.1:6666.
[2022.01.07-13.09.57:260][  0]SourceControl: Source control is disabled
[2022.01.07-13.09.57:260][  0]SourceControl: Source control is disabled
[2022.01.07-13.09.57:267][  0]SourceControl: Source control is disabled
[2022.01.07-13.09.57:282][  0]SourceControl: Source control is disabled
[2022.01.07-13.09.57:292][  0]LogUProjectInfo: Found projects:
[2022.01.07-13.09.57:316][  0]SourceControl: Source control is disabled
[2022.01.07-13.09.57:818][  0]LogOpenImageDenoise: OIDN starting up
[2022.01.07-13.09.57:937][  0]LogAndroidPermission: UAndroidPermissionCallbackProxy::GetInstance
[2022.01.07-13.09.57:991][  0]LogAudioCaptureCore: Display: No Audio Capture implementations found. Audio input will be silent.
[2022.01.07-13.09.57:991][  0]LogAudioCaptureCore: Display: No Audio Capture implementations found. Audio input will be silent.
[2022.01.07-13.09.58:295][  0]LogCollectionManager: Loaded 0 collections in 0.001321 seconds
[2022.01.07-13.09.58:348][  0]LogFileCache: Scanning file cache for directory 'D:/Git/UnrealChall2/UnrealChallenge/Saved/Collections/' took 0.00s
[2022.01.07-13.09.58:348][  0]LogFileCache: Scanning file cache for directory 'D:/Git/UnrealChall2/UnrealChallenge/Content/Developers/KhalilArcilla/Collections/' took 0.00s
[2022.01.07-13.09.58:348][  0]LogFileCache: Scanning file cache for directory 'D:/Git/UnrealChall2/UnrealChallenge/Content/Collections/' took 0.00s
[2022.01.07-13.09.58:348][  0]LogOcInput: OculusInput pre-init called
[2022.01.07-13.09.58:791][  0]LogImageWrapper: Warning: PNG Warning: Duplicate iCCP chunk
[2022.01.07-13.09.58:791][  0]LogImageWrapper: Warning: PNG Warning: Duplicate iCCP chunk
[2022.01.07-13.09.58:791][  0]LogEngine: Initializing Engine...
[2022.01.07-13.09.58:796][  0]LogHMD: Failed to enumerate extensions. Please check that you have a valid OpenXR runtime installed.
[2022.01.07-13.09.58:796][  0]LogHMD: Failed to initialize OpenVR with code 110
[2022.01.07-13.09.58:796][  0]LogMagicLeap: Warning: VR disabled because ZI is not enabled.  To enable, in the editor, Edit -> Project Settings -> Plugins -> Magic Leap Plugin -> Enable Zero Iteration
[2022.01.07-13.09.58:798][  0]LogStats: UGameplayTagsManager::InitializeManager -  0.000 s
[2022.01.07-13.09.59:056][  0]LogInit: Initializing FReadOnlyCVARCache
[2022.01.07-13.09.59:072][  0]LogAIModule: Creating AISystem for world Untitled
[2022.01.07-13.09.59:083][  0]LogAudio: Display: Initializing Audio Device Manager...
[2022.01.07-13.09.59:091][  0]LogAudio: Display: Loading Default Audio Settings Objects...
[2022.01.07-13.09.59:092][  0]LogAudio: Display: No default SoundConcurrencyObject specified (or failed to load).
[2022.01.07-13.09.59:093][  0]LogAudio: Display: Audio Device Manager Initialized
[2022.01.07-13.09.59:093][  0]LogAudio: Display: Creating Audio Device:                 Id: 1, Scope: Shared, Realtime: True
[2022.01.07-13.09.59:093][  0]LogAudioMixer: Display: Audio Mixer Platform Settings:
[2022.01.07-13.09.59:093][  0]LogAudioMixer: Display: 	Sample Rate:						  48000
[2022.01.07-13.09.59:093][  0]LogAudioMixer: Display: 	Callback Buffer Frame Size Requested: 1024
[2022.01.07-13.09.59:093][  0]LogAudioMixer: Display: 	Callback Buffer Frame Size To Use:	  1024
[2022.01.07-13.09.59:093][  0]LogAudioMixer: Display: 	Number of buffers to queue:			  2
[2022.01.07-13.09.59:093][  0]LogAudioMixer: Display: 	Max Channels (voices):				  32
[2022.01.07-13.09.59:093][  0]LogAudioMixer: Display: 	Number of Async Source Workers:		  0
[2022.01.07-13.09.59:093][  0]LogAudio: Display: AudioDevice MaxSources: 32
[2022.01.07-13.09.59:094][  0]LogAudio: Display: Audio Spatialization Plugin: None (built-in).
[2022.01.07-13.09.59:094][  0]LogAudio: Display: Audio Reverb Plugin: None (built-in).
[2022.01.07-13.09.59:094][  0]LogAudio: Display: Audio Occlusion Plugin: None (built-in).
[2022.01.07-13.09.59:094][  0]LogAudioMixer: Display: Initializing audio mixer.
[2022.01.07-13.09.59:112][  0]LogAudioMixer: Display: 0: FrontLeft
[2022.01.07-13.09.59:112][  0]LogAudioMixer: Display: 1: FrontRight
[2022.01.07-13.09.59:191][  0]LogAudioMixer: Display: Using Audio Device Speakers (Realtek(R) Audio)
[2022.01.07-13.09.59:192][  0]LogAudioMixer: Display: Initializing Sound Submixes...
[2022.01.07-13.09.59:201][  0]LogAudioMixer: Display: Creating Master Submix 'MasterSubmixDefault'
[2022.01.07-13.09.59:201][  0]LogAudioMixer: Display: Creating Master Submix 'MasterReverbSubmixDefault'
[2022.01.07-13.09.59:203][  0]LogAudioMixer: Display: Creating Master Submix 'MasterEQSubmixDefault'
[2022.01.07-13.09.59:203][  0]LogAudioMixer: FMixerPlatformXAudio2::StartAudioStream() called
[2022.01.07-13.09.59:203][  0]LogAudioMixer: Display: Output buffers initialized: Frames=1024, Channels=2, Samples=2048
[2022.01.07-13.09.59:205][  0]LogAudioMixer: Display: Starting AudioMixerPlatformInterface::RunInternal()
[2022.01.07-13.09.59:205][  0]LogAudioMixer: Display: FMixerPlatformXAudio2::SubmitBuffer() called for the first time
[2022.01.07-13.09.59:205][  0]LogInit: FAudioDevice initialized.
[2022.01.07-13.09.59:205][  0]LogAudio: Display: Audio Device (ID: 1) registered with world 'Untitled'.
[2022.01.07-13.09.59:205][  0]LogNetVersion: Set ProjectVersion to 1.0.0.0. Version Checksum will be recalculated on next use.
[2022.01.07-13.09.59:318][  0]LogDerivedDataCache: Saved boot cache 0.11s 94MB C:/Users/Khalil Arcilla/AppData/Local/UnrealEngine/4.27/DerivedDataCache/Boot.ddc.
[2022.01.07-13.09.59:319][  0]LogInit: Texture streaming: Enabled
[2022.01.07-13.09.59:339][  0]LogAnalytics: Display: [UEEditor.Rocket.Release] APIServer = https://datarouter.ol.epicgames.com/. AppVersion = 4.27.1-17735300+++UE4+Release-4.27
[2022.01.07-13.09.59:344][  0]LogEngineSessionManager: EngineSessionManager initialized
[2022.01.07-13.09.59:344][  0]LogEditorSessionSummary: Verbose: Initializing EditorSessionSummaryWriter for editor session tracking
[2022.01.07-13.09.59:473][  0]LogEditorSessionSummary: EditorSessionSummaryWriter initialized
[2022.01.07-13.09.59:536][  0]LogInit: Transaction tracking system initialized
[2022.01.07-13.09.59:593][  0]BlueprintLog: New page: Editor Load
[2022.01.07-13.09.59:718][  0]LocalizationService: Localization service is disabled
[2022.01.07-13.09.59:767][  0]TimingProfiler: Initialize
[2022.01.07-13.09.59:768][  0]TimingProfiler: OnSessionChanged
[2022.01.07-13.09.59:768][  0]LoadingProfiler: Initialize
[2022.01.07-13.09.59:768][  0]LoadingProfiler: OnSessionChanged
[2022.01.07-13.09.59:768][  0]NetworkingProfiler: Initialize
[2022.01.07-13.09.59:768][  0]NetworkingProfiler: OnSessionChanged
[2022.01.07-13.09.59:768][  0]MemoryProfiler: Initialize
[2022.01.07-13.09.59:768][  0]MemoryProfiler: OnSessionChanged
[2022.01.07-13.10.00:077][  0]LogCook: Display: CookSettings for Memory: MemoryMaxUsedVirtual 0MiB, MemoryMaxUsedPhysical 16384MiB, MemoryMinFreeVirtual 0MiB, MemoryMinFreePhysical 1024MiB
[2022.01.07-13.10.00:078][  0]LogCook: Display: Mobile HDR setting 1
[2022.01.07-13.10.00:485][  0]LogFileCache: Scanning file cache for directory 'D:/Git/UnrealChall2/UnrealChallenge/Content/' took 0.01s
[2022.01.07-13.10.00:706][  0]LogImageWrapper: Warning: PNG Warning: Duplicate iCCP chunk
[2022.01.07-13.10.00:707][  0]LogImageWrapper: Warning: PNG Warning: Duplicate iCCP chunk
[2022.01.07-13.10.00:806][  0]LogInit: Display: Engine is initialized. Leaving FEngineLoop::Init()
[2022.01.07-13.10.00:812][  0]SourceControl: Source control is disabled
[2022.01.07-13.10.00:812][  0]LogUnrealEdMisc: Loading editor; pre map load, took 17.985
[2022.01.07-13.10.00:812][  0]Cmd: MAP LOAD FILE="../../../../../../Git/UnrealChall2/UnrealChallenge/Content/FirstPersonBP/Maps/FirstPersonExampleMap.umap" TEMPLATE=0 SHOWPROGRESS=1 FEATURELEVEL=3
[2022.01.07-13.10.00:813][  0]LightingResults: New page: Lighting Build
[2022.01.07-13.10.00:816][  0]LogWorld: UWorld::CleanupWorld for Untitled, bSessionEnded=true, bCleanupResources=true
[2022.01.07-13.10.00:816][  0]LogSlate: InvalidateAllWidgets triggered.  All widgets were invalidated
[2022.01.07-13.10.00:817][  0]MapCheck: New page: Map Check
[2022.01.07-13.10.00:817][  0]LightingResults: New page: Lighting Build
[2022.01.07-13.10.03:014][  0]LogAudio: Display: Audio Device unregistered from world 'None'.
[2022.01.07-13.10.03:019][  0]LogUObjectHash: Compacting FUObjectHashTables data took   1.47ms
[2022.01.07-13.10.03:842][  0]LogMaterial: Display: Missing cached shadermap for Gold in PCD3D_SM5, Default, SM5 (DDC key hash: AA1F008E265AE5BE4A9230A2DF1219B6461635E1), compiling. 
[2022.01.07-13.10.08:973][  0]LogShaderCompilers: Display: Submitted 16 shader compile jobs with 'Low' priority
[2022.01.07-13.10.09:626][  0]LogShaderCompilers: Display: Worker (1/5): shaders left to compile 16
[2022.01.07-13.10.09:626][  0]LogShaderCompilers: Display: Worker (2/5): shaders left to compile 12
[2022.01.07-13.10.09:626][  0]LogShaderCompilers: Display: Worker (3/5): shaders left to compile 8
[2022.01.07-13.10.09:626][  0]LogShaderCompilers: Display: Worker (4/5): shaders left to compile 4
[2022.01.07-13.10.09:626][  0]LogShaderCompilers: Display: Started 16 'Local' shader compile jobs with 'Low' priority
[2022.01.07-13.10.09:655][  0]LogAudio: Display: Audio Device (ID: 1) registered with world 'FirstPersonExampleMap'.
[2022.01.07-13.10.09:657][  0]LogAIModule: Creating AISystem for world FirstPersonExampleMap
[2022.01.07-13.10.09:683][  0]LogEditorServer: Finished looking for orphan Actors (0.000 secs)
[2022.01.07-13.10.11:702][  0]LogUObjectHash: Compacting FUObjectHashTables data took   1.71ms
[2022.01.07-13.10.11:702][  0]Cmd: MAP CHECKDEP NOCLEARLOG
[2022.01.07-13.10.11:702][  0]MapCheck: Map check complete: 0 Error(s), 0 Warning(s), took 0.144ms to complete.
[2022.01.07-13.10.11:702][  0]LogFileHelpers: Loading map 'FirstPersonExampleMap' took 10.891
[2022.01.07-13.10.11:706][  0]LogUnrealEdMisc: Total Editor Startup Time, took 28.880
[2022.01.07-13.10.11:869][  0]LogSlate: Updating window title bar state: overlay mode, drag disabled, window buttons hidden, title bar hidden
[2022.01.07-13.10.11:882][  0]LogSlate: Updating window title bar state: overlay mode, drag disabled, window buttons hidden, title bar hidden
[2022.01.07-13.10.11:895][  0]LogSlate: Updating window title bar state: overlay mode, drag disabled, window buttons hidden, title bar hidden
[2022.01.07-13.10.11:912][  0]LogSlate: Updating window title bar state: overlay mode, drag disabled, window buttons hidden, title bar hidden
[2022.01.07-13.10.11:950][  0]LogNativeClassHierarchy: Verbose: Native class hierarchy populated in 0.0186 seconds. Added 3831 classes and 933 folders.
[2022.01.07-13.10.11:954][  0]LogNativeClassHierarchy: Verbose: Native class hierarchy updated for 'WidgetCarousel' in 0.0006 seconds. Added 0 classes and 0 folders.
[2022.01.07-13.10.11:957][  0]LogPakFile: PakFile PrimaryIndexSize=187
[2022.01.07-13.10.11:957][  0]LogPakFile: PakFile PathHashIndexSize=101
[2022.01.07-13.10.11:957][  0]LogPakFile: PakFile FullDirectoryIndexSize=148
[2022.01.07-13.10.11:957][  0]LogShaderLibrary: Display: ShaderCodeLibraryPakFileMountedCallback: PakFile 'D:/Program Files (x86)/Epic Games/UE_4.27/FeaturePacks/FP_FirstPerson.upack' (chunk index -1, root 'root:/') mounted
[2022.01.07-13.10.11:957][  0]LogShaderLibrary: Display: ShaderCodeLibraryPakFileMountedCallback: pending pak file info (ChunkID:-1 Root:root:/ File:D:/Program Files (x86)/Epic Games/UE_4.27/FeaturePacks/FP_FirstPerson.upack)
[2022.01.07-13.10.11:957][  0]LogPakFile: OnPakFileMounted2Time == 0.000088
[2022.01.07-13.10.11:958][  0]LogPakFile: PakFile PrimaryIndexSize=189
[2022.01.07-13.10.11:958][  0]LogPakFile: PakFile PathHashIndexSize=101
[2022.01.07-13.10.11:958][  0]LogPakFile: PakFile FullDirectoryIndexSize=152
[2022.01.07-13.10.11:958][  0]LogShaderLibrary: Display: ShaderCodeLibraryPakFileMountedCallback: PakFile 'D:/Program Files (x86)/Epic Games/UE_4.27/FeaturePacks/FP_FirstPersonBP.upack' (chunk index -1, root 'root:/') mounted
[2022.01.07-13.10.11:959][  0]LogShaderLibrary: Display: ShaderCodeLibraryPakFileMountedCallback: pending pak file info (ChunkID:-1 Root:root:/ File:D:/Program Files (x86)/Epic Games/UE_4.27/FeaturePacks/FP_FirstPersonBP.upack)
[2022.01.07-13.10.11:959][  0]LogPakFile: OnPakFileMounted2Time == 0.000086
[2022.01.07-13.10.11:960][  0]LogPakFile: PakFile PrimaryIndexSize=191
[2022.01.07-13.10.11:960][  0]LogPakFile: PakFile PathHashIndexSize=101
[2022.01.07-13.10.11:960][  0]LogPakFile: PakFile FullDirectoryIndexSize=160
[2022.01.07-13.10.11:960][  0]LogShaderLibrary: Display: ShaderCodeLibraryPakFileMountedCallback: PakFile 'D:/Program Files (x86)/Epic Games/UE_4.27/FeaturePacks/MobileStarterContent.upack' (chunk index -1, root 'root:/') mounted
[2022.01.07-13.10.11:960][  0]LogShaderLibrary: Display: ShaderCodeLibraryPakFileMountedCallback: pending pak file info (ChunkID:-1 Root:root:/ File:D:/Program Files (x86)/Epic Games/UE_4.27/FeaturePacks/MobileStarterContent.upack)
[2022.01.07-13.10.11:960][  0]LogPakFile: OnPakFileMounted2Time == 0.000081
[2022.01.07-13.10.11:961][  0]LogPakFile: PakFile PrimaryIndexSize=185
[2022.01.07-13.10.11:961][  0]LogPakFile: PakFile PathHashIndexSize=101
[2022.01.07-13.10.11:962][  0]LogPakFile: PakFile FullDirectoryIndexSize=148
[2022.01.07-13.10.11:962][  0]LogShaderLibrary: Display: ShaderCodeLibraryPakFileMountedCallback: PakFile 'D:/Program Files (x86)/Epic Games/UE_4.27/FeaturePacks/StarterContent.upack' (chunk index -1, root 'root:/') mounted
[2022.01.07-13.10.11:962][  0]LogShaderLibrary: Display: ShaderCodeLibraryPakFileMountedCallback: pending pak file info (ChunkID:-1 Root:root:/ File:D:/Program Files (x86)/Epic Games/UE_4.27/FeaturePacks/StarterContent.upack)
[2022.01.07-13.10.11:962][  0]LogPakFile: OnPakFileMounted2Time == 0.000093
[2022.01.07-13.10.11:963][  0]LogPakFile: PakFile PrimaryIndexSize=190
[2022.01.07-13.10.11:963][  0]LogPakFile: PakFile PathHashIndexSize=101
[2022.01.07-13.10.11:963][  0]LogPakFile: PakFile FullDirectoryIndexSize=154
[2022.01.07-13.10.11:963][  0]LogShaderLibrary: Display: ShaderCodeLibraryPakFileMountedCallback: PakFile 'D:/Program Files (x86)/Epic Games/UE_4.27/FeaturePacks/TP_2DSideScroller.upack' (chunk index -1, root 'root:/') mounted
[2022.01.07-13.10.11:963][  0]LogShaderLibrary: Display: ShaderCodeLibraryPakFileMountedCallback: pending pak file info (ChunkID:-1 Root:root:/ File:D:/Program Files (x86)/Epic Games/UE_4.27/FeaturePacks/TP_2DSideScroller.upack)
[2022.01.07-13.10.11:963][  0]LogPakFile: OnPakFileMounted2Time == 0.000076
[2022.01.07-13.10.11:964][  0]LogPakFile: PakFile PrimaryIndexSize=192
[2022.01.07-13.10.11:964][  0]LogPakFile: PakFile PathHashIndexSize=101
[2022.01.07-13.10.11:964][  0]LogPakFile: PakFile FullDirectoryIndexSize=158
[2022.01.07-13.10.11:964][  0]LogShaderLibrary: Display: ShaderCodeLibraryPakFileMountedCallback: PakFile 'D:/Program Files (x86)/Epic Games/UE_4.27/FeaturePacks/TP_2DSideScrollerBP.upack' (chunk index -1, root 'root:/') mounted
[2022.01.07-13.10.11:964][  0]LogShaderLibrary: Display: ShaderCodeLibraryPakFileMountedCallback: pending pak file info (ChunkID:-1 Root:root:/ File:D:/Program Files (x86)/Epic Games/UE_4.27/FeaturePacks/TP_2DSideScrollerBP.upack)
[2022.01.07-13.10.11:964][  0]LogPakFile: OnPakFileMounted2Time == 0.000056
[2022.01.07-13.10.11:965][  0]LogPakFile: PakFile PrimaryIndexSize=182
[2022.01.07-13.10.11:966][  0]LogPakFile: PakFile PathHashIndexSize=101
[2022.01.07-13.10.11:966][  0]LogPakFile: PakFile FullDirectoryIndexSize=138
[2022.01.07-13.10.11:966][  0]LogShaderLibrary: Display: ShaderCodeLibraryPakFileMountedCallback: PakFile 'D:/Program Files (x86)/Epic Games/UE_4.27/FeaturePacks/TP_Flying.upack' (chunk index -1, root 'root:/') mounted
[2022.01.07-13.10.11:966][  0]LogShaderLibrary: Display: ShaderCodeLibraryPakFileMountedCallback: pending pak file info (ChunkID:-1 Root:root:/ File:D:/Program Files (x86)/Epic Games/UE_4.27/FeaturePacks/TP_Flying.upack)
[2022.01.07-13.10.11:966][  0]LogPakFile: OnPakFileMounted2Time == 0.000295
[2022.01.07-13.10.11:968][  0]LogPakFile: PakFile PrimaryIndexSize=184
[2022.01.07-13.10.11:968][  0]LogPakFile: PakFile PathHashIndexSize=101
[2022.01.07-13.10.11:968][  0]LogPakFile: PakFile FullDirectoryIndexSize=142
[2022.01.07-13.10.11:968][  0]LogShaderLibrary: Display: ShaderCodeLibraryPakFileMountedCallback: PakFile 'D:/Program Files (x86)/Epic Games/UE_4.27/FeaturePacks/TP_FlyingBP.upack' (chunk index -1, root 'root:/') mounted
[2022.01.07-13.10.11:968][  0]LogShaderLibrary: Display: ShaderCodeLibraryPakFileMountedCallback: pending pak file info (ChunkID:-1 Root:root:/ File:D:/Program Files (x86)/Epic Games/UE_4.27/FeaturePacks/TP_FlyingBP.upack)
[2022.01.07-13.10.11:968][  0]LogPakFile: OnPakFileMounted2Time == 0.000087
[2022.01.07-13.10.11:970][  0]LogPakFile: PakFile PrimaryIndexSize=188
[2022.01.07-13.10.11:970][  0]LogPakFile: PakFile PathHashIndexSize=101
[2022.01.07-13.10.11:970][  0]LogPakFile: PakFile FullDirectoryIndexSize=150
[2022.01.07-13.10.11:970][  0]LogShaderLibrary: Display: ShaderCodeLibraryPakFileMountedCallback: PakFile 'D:/Program Files (x86)/Epic Games/UE_4.27/FeaturePacks/TP_HandheldARBP.upack' (chunk index -1, root 'root:/') mounted
[2022.01.07-13.10.11:970][  0]LogShaderLibrary: Display: ShaderCodeLibraryPakFileMountedCallback: pending pak file info (ChunkID:-1 Root:root:/ File:D:/Program Files (x86)/Epic Games/UE_4.27/FeaturePacks/TP_HandheldARBP.upack)
[2022.01.07-13.10.11:970][  0]LogPakFile: OnPakFileMounted2Time == 0.000182
[2022.01.07-13.10.11:972][  0]LogPakFile: PakFile PrimaryIndexSize=182
[2022.01.07-13.10.11:972][  0]LogPakFile: PakFile PathHashIndexSize=101
[2022.01.07-13.10.11:972][  0]LogPakFile: PakFile FullDirectoryIndexSize=138
[2022.01.07-13.10.11:972][  0]LogShaderLibrary: Display: ShaderCodeLibraryPakFileMountedCallback: PakFile 'D:/Program Files (x86)/Epic Games/UE_4.27/FeaturePacks/TP_Puzzle.upack' (chunk index -1, root 'root:/') mounted
[2022.01.07-13.10.11:972][  0]LogShaderLibrary: Display: ShaderCodeLibraryPakFileMountedCallback: pending pak file info (ChunkID:-1 Root:root:/ File:D:/Program Files (x86)/Epic Games/UE_4.27/FeaturePacks/TP_Puzzle.upack)
[2022.01.07-13.10.11:972][  0]LogPakFile: OnPakFileMounted2Time == 0.000067
[2022.01.07-13.10.11:973][  0]LogPakFile: PakFile PrimaryIndexSize=184
[2022.01.07-13.10.11:974][  0]LogPakFile: PakFile PathHashIndexSize=101
[2022.01.07-13.10.11:974][  0]LogPakFile: PakFile FullDirectoryIndexSize=142
[2022.01.07-13.10.11:974][  0]LogShaderLibrary: Display: ShaderCodeLibraryPakFileMountedCallback: PakFile 'D:/Program Files (x86)/Epic Games/UE_4.27/FeaturePacks/TP_PuzzleBP.upack' (chunk index -1, root 'root:/') mounted
[2022.01.07-13.10.11:974][  0]LogShaderLibrary: Display: ShaderCodeLibraryPakFileMountedCallback: pending pak file info (ChunkID:-1 Root:root:/ File:D:/Program Files (x86)/Epic Games/UE_4.27/FeaturePacks/TP_PuzzleBP.upack)
[2022.01.07-13.10.11:974][  0]LogPakFile: OnPakFileMounted2Time == 0.000070
[2022.01.07-13.10.11:975][  0]LogPakFile: PakFile PrimaryIndexSize=183
[2022.01.07-13.10.11:975][  0]LogPakFile: PakFile PathHashIndexSize=101
[2022.01.07-13.10.11:975][  0]LogPakFile: PakFile FullDirectoryIndexSize=140
[2022.01.07-13.10.11:975][  0]LogShaderLibrary: Display: ShaderCodeLibraryPakFileMountedCallback: PakFile 'D:/Program Files (x86)/Epic Games/UE_4.27/FeaturePacks/TP_Rolling.upack' (chunk index -1, root 'root:/') mounted
[2022.01.07-13.10.11:975][  0]LogShaderLibrary: Display: ShaderCodeLibraryPakFileMountedCallback: pending pak file info (ChunkID:-1 Root:root:/ File:D:/Program Files (x86)/Epic Games/UE_4.27/FeaturePacks/TP_Rolling.upack)
[2022.01.07-13.10.11:975][  0]LogPakFile: OnPakFileMounted2Time == 0.000171
[2022.01.07-13.10.11:977][  0]LogPakFile: PakFile PrimaryIndexSize=185
[2022.01.07-13.10.11:977][  0]LogPakFile: PakFile PathHashIndexSize=101
[2022.01.07-13.10.11:977][  0]LogPakFile: PakFile FullDirectoryIndexSize=144
[2022.01.07-13.10.11:977][  0]LogShaderLibrary: Display: ShaderCodeLibraryPakFileMountedCallback: PakFile 'D:/Program Files (x86)/Epic Games/UE_4.27/FeaturePacks/TP_RollingBP.upack' (chunk index -1, root 'root:/') mounted
[2022.01.07-13.10.11:977][  0]LogShaderLibrary: Display: ShaderCodeLibraryPakFileMountedCallback: pending pak file info (ChunkID:-1 Root:root:/ File:D:/Program Files (x86)/Epic Games/UE_4.27/FeaturePacks/TP_RollingBP.upack)
[2022.01.07-13.10.11:977][  0]LogPakFile: OnPakFileMounted2Time == 0.000115
[2022.01.07-13.10.11:978][  0]LogPakFile: PakFile PrimaryIndexSize=188
[2022.01.07-13.10.11:978][  0]LogPakFile: PakFile PathHashIndexSize=101
[2022.01.07-13.10.11:979][  0]LogPakFile: PakFile FullDirectoryIndexSize=150
[2022.01.07-13.10.11:979][  0]LogShaderLibrary: Display: ShaderCodeLibraryPakFileMountedCallback: PakFile 'D:/Program Files (x86)/Epic Games/UE_4.27/FeaturePacks/TP_SideScroller.upack' (chunk index -1, root 'root:/') mounted
[2022.01.07-13.10.11:979][  0]LogShaderLibrary: Display: ShaderCodeLibraryPakFileMountedCallback: pending pak file info (ChunkID:-1 Root:root:/ File:D:/Program Files (x86)/Epic Games/UE_4.27/FeaturePacks/TP_SideScroller.upack)
[2022.01.07-13.10.11:979][  0]LogPakFile: OnPakFileMounted2Time == 0.000081
[2022.01.07-13.10.11:979][  0]LogPakFile: PakFile PrimaryIndexSize=190
[2022.01.07-13.10.11:980][  0]LogPakFile: PakFile PathHashIndexSize=101
[2022.01.07-13.10.11:980][  0]LogPakFile: PakFile FullDirectoryIndexSize=154
[2022.01.07-13.10.11:980][  0]LogShaderLibrary: Display: ShaderCodeLibraryPakFileMountedCallback: PakFile 'D:/Program Files (x86)/Epic Games/UE_4.27/FeaturePacks/TP_SideScrollerBP.upack' (chunk index -1, root 'root:/') mounted
[2022.01.07-13.10.11:980][  0]LogShaderLibrary: Display: ShaderCodeLibraryPakFileMountedCallback: pending pak file info (ChunkID:-1 Root:root:/ File:D:/Program Files (x86)/Epic Games/UE_4.27/FeaturePacks/TP_SideScrollerBP.upack)
[2022.01.07-13.10.11:980][  0]LogPakFile: OnPakFileMounted2Time == 0.000079
[2022.01.07-13.10.11:981][  0]LogPakFile: PakFile PrimaryIndexSize=187
[2022.01.07-13.10.11:981][  0]LogPakFile: PakFile PathHashIndexSize=101
[2022.01.07-13.10.11:981][  0]LogPakFile: PakFile FullDirectoryIndexSize=148
[2022.01.07-13.10.11:981][  0]LogShaderLibrary: Display: ShaderCodeLibraryPakFileMountedCallback: PakFile 'D:/Program Files (x86)/Epic Games/UE_4.27/FeaturePacks/TP_ThirdPerson.upack' (chunk index -1, root 'root:/') mounted
[2022.01.07-13.10.11:981][  0]LogShaderLibrary: Display: ShaderCodeLibraryPakFileMountedCallback: pending pak file info (ChunkID:-1 Root:root:/ File:D:/Program Files (x86)/Epic Games/UE_4.27/FeaturePacks/TP_ThirdPerson.upack)
[2022.01.07-13.10.11:981][  0]LogPakFile: OnPakFileMounted2Time == 0.000092
[2022.01.07-13.10.11:982][  0]LogPakFile: PakFile PrimaryIndexSize=189
[2022.01.07-13.10.11:982][  0]LogPakFile: PakFile PathHashIndexSize=101
[2022.01.07-13.10.11:982][  0]LogPakFile: PakFile FullDirectoryIndexSize=152
[2022.01.07-13.10.11:982][  0]LogShaderLibrary: Display: ShaderCodeLibraryPakFileMountedCallback: PakFile 'D:/Program Files (x86)/Epic Games/UE_4.27/FeaturePacks/TP_ThirdPersonBP.upack' (chunk index -1, root 'root:/') mounted
[2022.01.07-13.10.11:982][  0]LogShaderLibrary: Display: ShaderCodeLibraryPakFileMountedCallback: pending pak file info (ChunkID:-1 Root:root:/ File:D:/Program Files (x86)/Epic Games/UE_4.27/FeaturePacks/TP_ThirdPersonBP.upack)
[2022.01.07-13.10.11:983][  0]LogPakFile: OnPakFileMounted2Time == 0.000110
[2022.01.07-13.10.11:984][  0]LogPakFile: PakFile PrimaryIndexSize=183
[2022.01.07-13.10.11:984][  0]LogPakFile: PakFile PathHashIndexSize=101
[2022.01.07-13.10.11:984][  0]LogPakFile: PakFile FullDirectoryIndexSize=140
[2022.01.07-13.10.11:984][  0]LogShaderLibrary: Display: ShaderCodeLibraryPakFileMountedCallback: PakFile 'D:/Program Files (x86)/Epic Games/UE_4.27/FeaturePacks/TP_TopDown.upack' (chunk index -1, root 'root:/') mounted
[2022.01.07-13.10.11:984][  0]LogShaderLibrary: Display: ShaderCodeLibraryPakFileMountedCallback: pending pak file info (ChunkID:-1 Root:root:/ File:D:/Program Files (x86)/Epic Games/UE_4.27/FeaturePacks/TP_TopDown.upack)
[2022.01.07-13.10.11:984][  0]LogPakFile: OnPakFileMounted2Time == 0.000114
[2022.01.07-13.10.11:985][  0]LogPakFile: PakFile PrimaryIndexSize=185
[2022.01.07-13.10.11:985][  0]LogPakFile: PakFile PathHashIndexSize=101
[2022.01.07-13.10.11:986][  0]LogPakFile: PakFile FullDirectoryIndexSize=144
[2022.01.07-13.10.11:986][  0]LogShaderLibrary: Display: ShaderCodeLibraryPakFileMountedCallback: PakFile 'D:/Program Files (x86)/Epic Games/UE_4.27/FeaturePacks/TP_TopDownBP.upack' (chunk index -1, root 'root:/') mounted
[2022.01.07-13.10.11:986][  0]LogShaderLibrary: Display: ShaderCodeLibraryPakFileMountedCallback: pending pak file info (ChunkID:-1 Root:root:/ File:D:/Program Files (x86)/Epic Games/UE_4.27/FeaturePacks/TP_TopDownBP.upack)
[2022.01.07-13.10.11:986][  0]LogPakFile: OnPakFileMounted2Time == 0.000102
[2022.01.07-13.10.11:987][  0]LogPakFile: PakFile PrimaryIndexSize=185
[2022.01.07-13.10.11:987][  0]LogPakFile: PakFile PathHashIndexSize=101
[2022.01.07-13.10.11:987][  0]LogPakFile: PakFile FullDirectoryIndexSize=144
[2022.01.07-13.10.11:988][  0]LogShaderLibrary: Display: ShaderCodeLibraryPakFileMountedCallback: PakFile 'D:/Program Files (x86)/Epic Games/UE_4.27/FeaturePacks/TP_TwinStick.upack' (chunk index -1, root 'root:/') mounted
[2022.01.07-13.10.11:988][  0]LogShaderLibrary: Display: ShaderCodeLibraryPakFileMountedCallback: pending pak file info (ChunkID:-1 Root:root:/ File:D:/Program Files (x86)/Epic Games/UE_4.27/FeaturePacks/TP_TwinStick.upack)
[2022.01.07-13.10.11:988][  0]LogPakFile: OnPakFileMounted2Time == 0.000131
[2022.01.07-13.10.11:989][  0]LogPakFile: PakFile PrimaryIndexSize=187
[2022.01.07-13.10.11:989][  0]LogPakFile: PakFile PathHashIndexSize=101
[2022.01.07-13.10.11:989][  0]LogPakFile: PakFile FullDirectoryIndexSize=148
[2022.01.07-13.10.11:990][  0]LogShaderLibrary: Display: ShaderCodeLibraryPakFileMountedCallback: PakFile 'D:/Program Files (x86)/Epic Games/UE_4.27/FeaturePacks/TP_TwinStickBP.upack' (chunk index -1, root 'root:/') mounted
[2022.01.07-13.10.11:990][  0]LogShaderLibrary: Display: ShaderCodeLibraryPakFileMountedCallback: pending pak file info (ChunkID:-1 Root:root:/ File:D:/Program Files (x86)/Epic Games/UE_4.27/FeaturePacks/TP_TwinStickBP.upack)
[2022.01.07-13.10.11:990][  0]LogPakFile: OnPakFileMounted2Time == 0.000118
[2022.01.07-13.10.11:991][  0]LogPakFile: PakFile PrimaryIndexSize=183
[2022.01.07-13.10.11:991][  0]LogPakFile: PakFile PathHashIndexSize=101
[2022.01.07-13.10.11:991][  0]LogPakFile: PakFile FullDirectoryIndexSize=140
[2022.01.07-13.10.11:991][  0]LogShaderLibrary: Display: ShaderCodeLibraryPakFileMountedCallback: PakFile 'D:/Program Files (x86)/Epic Games/UE_4.27/FeaturePacks/TP_Vehicle.upack' (chunk index -1, root 'root:/') mounted
[2022.01.07-13.10.11:991][  0]LogShaderLibrary: Display: ShaderCodeLibraryPakFileMountedCallback: pending pak file info (ChunkID:-1 Root:root:/ File:D:/Program Files (x86)/Epic Games/UE_4.27/FeaturePacks/TP_Vehicle.upack)
[2022.01.07-13.10.11:991][  0]LogPakFile: OnPakFileMounted2Time == 0.000114
[2022.01.07-13.10.11:993][  0]LogPakFile: PakFile PrimaryIndexSize=186
[2022.01.07-13.10.11:993][  0]LogPakFile: PakFile PathHashIndexSize=101
[2022.01.07-13.10.11:993][  0]LogPakFile: PakFile FullDirectoryIndexSize=146
[2022.01.07-13.10.11:993][  0]LogShaderLibrary: Display: ShaderCodeLibraryPakFileMountedCallback: PakFile 'D:/Program Files (x86)/Epic Games/UE_4.27/FeaturePacks/TP_VehicleAdv.upack' (chunk index -1, root 'root:/') mounted
[2022.01.07-13.10.11:993][  0]LogShaderLibrary: Display: ShaderCodeLibraryPakFileMountedCallback: pending pak file info (ChunkID:-1 Root:root:/ File:D:/Program Files (x86)/Epic Games/UE_4.27/FeaturePacks/TP_VehicleAdv.upack)
[2022.01.07-13.10.11:993][  0]LogPakFile: OnPakFileMounted2Time == 0.000091
[2022.01.07-13.10.11:994][  0]LogPakFile: PakFile PrimaryIndexSize=188
[2022.01.07-13.10.11:994][  0]LogPakFile: PakFile PathHashIndexSize=101
[2022.01.07-13.10.11:994][  0]LogPakFile: PakFile FullDirectoryIndexSize=150
[2022.01.07-13.10.11:994][  0]LogShaderLibrary: Display: ShaderCodeLibraryPakFileMountedCallback: PakFile 'D:/Program Files (x86)/Epic Games/UE_4.27/FeaturePacks/TP_VehicleAdvBP.upack' (chunk index -1, root 'root:/') mounted
[2022.01.07-13.10.11:994][  0]LogShaderLibrary: Display: ShaderCodeLibraryPakFileMountedCallback: pending pak file info (ChunkID:-1 Root:root:/ File:D:/Program Files (x86)/Epic Games/UE_4.27/FeaturePacks/TP_VehicleAdvBP.upack)
[2022.01.07-13.10.11:994][  0]LogPakFile: OnPakFileMounted2Time == 0.000066
[2022.01.07-13.10.11:995][  0]LogPakFile: PakFile PrimaryIndexSize=185
[2022.01.07-13.10.11:995][  0]LogPakFile: PakFile PathHashIndexSize=101
[2022.01.07-13.10.11:995][  0]LogPakFile: PakFile FullDirectoryIndexSize=144
[2022.01.07-13.10.11:995][  0]LogShaderLibrary: Display: ShaderCodeLibraryPakFileMountedCallback: PakFile 'D:/Program Files (x86)/Epic Games/UE_4.27/FeaturePacks/TP_VehicleBP.upack' (chunk index -1, root 'root:/') mounted
[2022.01.07-13.10.11:995][  0]LogShaderLibrary: Display: ShaderCodeLibraryPakFileMountedCallback: pending pak file info (ChunkID:-1 Root:root:/ File:D:/Program Files (x86)/Epic Games/UE_4.27/FeaturePacks/TP_VehicleBP.upack)
[2022.01.07-13.10.11:995][  0]LogPakFile: OnPakFileMounted2Time == 0.000091
[2022.01.07-13.10.11:997][  0]LogPakFile: PakFile PrimaryIndexSize=192
[2022.01.07-13.10.11:997][  0]LogPakFile: PakFile PathHashIndexSize=101
[2022.01.07-13.10.11:997][  0]LogPakFile: PakFile FullDirectoryIndexSize=158
[2022.01.07-13.10.11:997][  0]LogShaderLibrary: Display: ShaderCodeLibraryPakFileMountedCallback: PakFile 'D:/Program Files (x86)/Epic Games/UE_4.27/FeaturePacks/TP_VirtualRealityBP.upack' (chunk index -1, root 'root:/') mounted
[2022.01.07-13.10.11:997][  0]LogShaderLibrary: Display: ShaderCodeLibraryPakFileMountedCallback: pending pak file info (ChunkID:-1 Root:root:/ File:D:/Program Files (x86)/Epic Games/UE_4.27/FeaturePacks/TP_VirtualRealityBP.upack)
[2022.01.07-13.10.11:997][  0]LogPakFile: OnPakFileMounted2Time == 0.000083
[2022.01.07-13.10.12:149][  0]LogNativeClassHierarchy: Verbose: Native class hierarchy updated for 'AddContentDialog' in 0.0006 seconds. Added 0 classes and 0 folders.
[2022.01.07-13.10.12:151][  0]LogNativeClassHierarchy: Verbose: Native class hierarchy updated for 'SceneOutliner' in 0.0005 seconds. Added 2 classes and 0 folders.
[2022.01.07-13.10.12:240][  0]LogSlate: Took 0.000381 seconds to synchronously load lazily loaded font '../../../Engine/Content/Slate/Fonts/Roboto-Regular.ttf' (155K)
[2022.01.07-13.10.12:243][  0]LogSlate: Took 0.000764 seconds to synchronously load lazily loaded font '../../../Engine/Content/Editor/Slate/Fonts/FontAwesome.ttf' (139K)
[2022.01.07-13.10.12:245][  0]LogSlate: Took 0.000331 seconds to synchronously load lazily loaded font '../../../Engine/Content/Slate/Fonts/Roboto-Bold.ttf' (160K)
[2022.01.07-13.10.12:428][  0]LogRenderer: Reallocating scene render targets to support 872x424 Format 10 NumSamples 1 (Frame:1).
[2022.01.07-13.10.12:536][  0]LogSlate: Took 0.000368 seconds to synchronously load lazily loaded font '../../../Engine/Content/Slate/Fonts/Roboto-Light.ttf' (167K)
[2022.01.07-13.10.12:727][  0]LogNativeClassHierarchy: Verbose: Native class hierarchy updated for 'HierarchicalLODOutliner' in 0.0005 seconds. Added 0 classes and 0 folders.
[2022.01.07-13.10.12:727][  0]LogLoad: (Engine Initialization) Total time: 29.90 seconds
[2022.01.07-13.10.12:727][  0]LogLoad: (Engine Initialization) Total Blueprint compile time: 0.00 seconds
[2022.01.07-13.10.12:807][  0]LogContentStreaming: Texture pool size now 1000 MB
[2022.01.07-13.10.12:853][  1]LogRenderer: Reallocating scene render targets to support 872x476 Format 10 NumSamples 1 (Frame:2).
[2022.01.07-13.10.12:861][  1]LogFileCache: Retrieving MD5 hashes for directory 'D:/Git/UnrealChall2/UnrealChallenge/Content/' took 0.10s
[2022.01.07-13.10.32:582][372]LogAssetRegistry: Asset discovery search completed in 41.5671 seconds
[2022.01.07-13.10.32:595][372]LogCollectionManager: Fixed up redirectors for 0 collections in 0.000005 seconds (updated 0 objects)
[2022.01.07-13.11.25:754][783]LogDirectoryWatcher: Display: A directory notification failed for 'D:/Git/UnrealChall2/UnrealChallenge/Content/Collections/' because it could not be accessed. Aborting watch request...
[2022.01.07-13.11.25:754][783]LogDirectoryWatcher: Display: A directory notification failed for 'D:/Git/UnrealChall2/UnrealChallenge/Content/Developers/KhalilArcilla/Collections/' because it could not be accessed. Aborting watch request...
[2022.01.07-13.11.26:306][784]LogDirectoryWatcher: Display: A directory notification failed for 'D:/Git/UnrealChall2/UnrealChallenge/Saved/Collections/' because it could not be accessed. Aborting watch request...
